------------------------  --------
episode_reward             1
episodes                   1
last-path-return_agent_0  50
last-path-return_agent_1  10
max-path-return_agent_0   50
max-path-return_agent_1   10
mean-path-return_agent_0  16.6667
mean-path-return_agent_1   3.33333
total-samples              3
------------------------  --------
------------------------  --------
episode_reward             2
episodes                   2
last-path-return_agent_0  10
last-path-return_agent_1  50
max-path-return_agent_0   50
max-path-return_agent_1   50
mean-path-return_agent_0   3.33333
mean-path-return_agent_1  16.6667
total-samples              6
------------------------  --------
------------------------  --
episode_reward             3
episodes                   3
last-path-return_agent_0  50
last-path-return_agent_1  10
max-path-return_agent_0   50
max-path-return_agent_1   50
mean-path-return_agent_0  25
mean-path-return_agent_1   5
total-samples              8
------------------------  --
------------------------  --------
episode_reward             4
episodes                   4
last-path-return_agent_0  10
last-path-return_agent_1  50
max-path-return_agent_0   50
max-path-return_agent_1   50
mean-path-return_agent_0   3.33333
mean-path-return_agent_1  16.6667
total-samples             11
------------------------  --------
------------------------  --------
episode_reward             5
episodes                   5
last-path-return_agent_0  10
last-path-return_agent_1  50
max-path-return_agent_0   50
max-path-return_agent_1   50
mean-path-return_agent_0   3.33333
mean-path-return_agent_1  16.6667
total-samples             14
------------------------  --------
------------------------  ---
episode_reward              6
episodes                    6
last-path-return_agent_0  -10
last-path-return_agent_1  -10
max-path-return_agent_0    50
max-path-return_agent_1    50
mean-path-return_agent_0   -5
mean-path-return_agent_1   -5
total-samples              16
------------------------  ---
------------------------  --------
episode_reward             7
episodes                   7
last-path-return_agent_0  -5
last-path-return_agent_1  -5
max-path-return_agent_0   50
max-path-return_agent_1   50
mean-path-return_agent_0  -1.66667
mean-path-return_agent_1  -1.66667
total-samples             19
------------------------  --------
------------------------  --------
episode_reward             8
episodes                   8
last-path-return_agent_0  50
last-path-return_agent_1  10
max-path-return_agent_0   50
max-path-return_agent_1   50
mean-path-return_agent_0  16.6667
mean-path-return_agent_1   3.33333
total-samples             22
------------------------  --------
------------------------  --------
episode_reward             9
episodes                   9
last-path-return_agent_0  50
last-path-return_agent_1  10
max-path-return_agent_0   50
max-path-return_agent_1   50
mean-path-return_agent_0  16.6667
mean-path-return_agent_1   3.33333
total-samples             25
------------------------  --------
------------------------  --------
episode_reward            10
episodes                  10
last-path-return_agent_0  50
last-path-return_agent_1  10
max-path-return_agent_0   50
max-path-return_agent_1   50
mean-path-return_agent_0  16.6667
mean-path-return_agent_1   3.33333
total-samples             28
------------------------  --------
------------------------  --------
episode_reward            11
episodes                  11
last-path-return_agent_0  50
last-path-return_agent_1  10
max-path-return_agent_0   50
max-path-return_agent_1   50
mean-path-return_agent_0  16.6667
mean-path-return_agent_1   3.33333
total-samples             31
------------------------  --------
------------------------  --------
episode_reward            12
episodes                  12
last-path-return_agent_0  50
last-path-return_agent_1  10
max-path-return_agent_0   50
max-path-return_agent_1   50
mean-path-return_agent_0  16.6667
mean-path-return_agent_1   3.33333
total-samples             34
------------------------  --------
------------------------  --------
episode_reward            13
episodes                  13
last-path-return_agent_0  10
last-path-return_agent_1  50
max-path-return_agent_0   50
max-path-return_agent_1   50
mean-path-return_agent_0   3.33333
mean-path-return_agent_1  16.6667
total-samples             37
------------------------  --------
------------------------  --------
episode_reward            14
episodes                  14
last-path-return_agent_0  10
last-path-return_agent_1  50
max-path-return_agent_0   50
max-path-return_agent_1   50
mean-path-return_agent_0   3.33333
mean-path-return_agent_1  16.6667
total-samples             40
------------------------  --------
------------------------  --------
episode_reward            15
episodes                  15
last-path-return_agent_0  50
last-path-return_agent_1  10
max-path-return_agent_0   50
max-path-return_agent_1   50
mean-path-return_agent_0  16.6667
mean-path-return_agent_1   3.33333
total-samples             43
------------------------  --------
------------------------  ---
episode_reward             16
episodes                   16
last-path-return_agent_0  -10
last-path-return_agent_1  -10
max-path-return_agent_0    50
max-path-return_agent_1    50
mean-path-return_agent_0   -5
mean-path-return_agent_1   -5
total-samples              45
------------------------  ---
------------------------  --------
episode_reward            17
episodes                  17
last-path-return_agent_0  10
last-path-return_agent_1  50
max-path-return_agent_0   50
max-path-return_agent_1   50
mean-path-return_agent_0   3.33333
mean-path-return_agent_1  16.6667
total-samples             48
------------------------  --------
------------------------  --------
episode_reward            18
episodes                  18
last-path-return_agent_0  -5
last-path-return_agent_1  -5
max-path-return_agent_0   50
max-path-return_agent_1   50
mean-path-return_agent_0  -1.66667
mean-path-return_agent_1  -1.66667
total-samples             51
------------------------  --------
------------------------  --------
episode_reward            19
episodes                  19
last-path-return_agent_0  10
last-path-return_agent_1  50
max-path-return_agent_0   50
max-path-return_agent_1   50
mean-path-return_agent_0   3.33333
mean-path-return_agent_1  16.6667
total-samples             54
------------------------  --------
------------------------  --------
episode_reward            20
episodes                  20
last-path-return_agent_0  50
last-path-return_agent_1  10
max-path-return_agent_0   50
max-path-return_agent_1   50
mean-path-return_agent_0  16.6667
mean-path-return_agent_1   3.33333
total-samples             57
------------------------  --------
------------------------  --
episode_reward            21
episodes                  21
last-path-return_agent_0  10
last-path-return_agent_1  50
max-path-return_agent_0   50
max-path-return_agent_1   50
mean-path-return_agent_0   5
mean-path-return_agent_1  25
total-samples             59
------------------------  --
------------------------  --------
episode_reward            22
episodes                  22
last-path-return_agent_0  10
last-path-return_agent_1  50
max-path-return_agent_0   50
max-path-return_agent_1   50
mean-path-return_agent_0   3.33333
mean-path-return_agent_1  16.6667
total-samples             62
------------------------  --------
------------------------  --------
episode_reward            23
episodes                  23
last-path-return_agent_0  10
last-path-return_agent_1  50
max-path-return_agent_0   50
max-path-return_agent_1   50
mean-path-return_agent_0   3.33333
mean-path-return_agent_1  16.6667
total-samples             65
------------------------  --------
------------------------  --------
episode_reward            24
episodes                  24
last-path-return_agent_0  10
last-path-return_agent_1  50
max-path-return_agent_0   50
max-path-return_agent_1   50
mean-path-return_agent_0   3.33333
mean-path-return_agent_1  16.6667
total-samples             68
------------------------  --------
------------------------  --------
episode_reward            25
episodes                  25
last-path-return_agent_0  50
last-path-return_agent_1  10
max-path-return_agent_0   50
max-path-return_agent_1   50
mean-path-return_agent_0  16.6667
mean-path-return_agent_1   3.33333
total-samples             71
------------------------  --------
------------------------  --------
episode_reward            26
episodes                  26
last-path-return_agent_0  50
last-path-return_agent_1  10
max-path-return_agent_0   50
max-path-return_agent_1   50
mean-path-return_agent_0  16.6667
mean-path-return_agent_1   3.33333
total-samples             74
------------------------  --------
------------------------  --------
episode_reward            27
episodes                  27
last-path-return_agent_0  50
last-path-return_agent_1  10
max-path-return_agent_0   50
max-path-return_agent_1   50
mean-path-return_agent_0  16.6667
mean-path-return_agent_1   3.33333
total-samples             77
------------------------  --------
------------------------  --------
episode_reward            28
episodes                  28
last-path-return_agent_0  50
last-path-return_agent_1  10
max-path-return_agent_0   50
max-path-return_agent_1   50
mean-path-return_agent_0  16.6667
mean-path-return_agent_1   3.33333
total-samples             80
------------------------  --------
------------------------  --
episode_reward            29
episodes                  29
last-path-return_agent_0  10
last-path-return_agent_1  50
max-path-return_agent_0   50
max-path-return_agent_1   50
mean-path-return_agent_0   5
mean-path-return_agent_1  25
total-samples             82
------------------------  --
------------------------  --------
episode_reward            30
episodes                  30
last-path-return_agent_0  50
last-path-return_agent_1  10
max-path-return_agent_0   50
max-path-return_agent_1   50
mean-path-return_agent_0  16.6667
mean-path-return_agent_1   3.33333
total-samples             85
------------------------  --------
------------------------  --------
episode_reward            31
episodes                  31
last-path-return_agent_0  50
last-path-return_agent_1  10
max-path-return_agent_0   50
max-path-return_agent_1   50
mean-path-return_agent_0  16.6667
mean-path-return_agent_1   3.33333
total-samples             88
------------------------  --------
------------------------  --------
episode_reward            32
episodes                  32
last-path-return_agent_0  -5
last-path-return_agent_1  -5
max-path-return_agent_0   50
max-path-return_agent_1   50
mean-path-return_agent_0  -1.66667
mean-path-return_agent_1  -1.66667
total-samples             91
------------------------  --------
------------------------  --------
episode_reward            33
episodes                  33
last-path-return_agent_0  50
last-path-return_agent_1  10
max-path-return_agent_0   50
max-path-return_agent_1   50
mean-path-return_agent_0  16.6667
mean-path-return_agent_1   3.33333
total-samples             94
------------------------  --------
------------------------  --------
episode_reward            34
episodes                  34
last-path-return_agent_0  10
last-path-return_agent_1  50
max-path-return_agent_0   50
max-path-return_agent_1   50
mean-path-return_agent_0   3.33333
mean-path-return_agent_1  16.6667
total-samples             97
------------------------  --------
------------------------  ---------
episode_reward             35
episodes                   35
last-path-return_agent_0   50
last-path-return_agent_1   10
max-path-return_agent_0    50
max-path-return_agent_1    50
mean-path-return_agent_0   16.6667
mean-path-return_agent_1    3.33333
total-samples             100
------------------------  ---------
