------------------------  --------
episode_reward             1
episodes                   1
last-path-return_agent_0  -5
last-path-return_agent_1  -5
max-path-return_agent_0   -5
max-path-return_agent_1   -5
mean-path-return_agent_0  -1.66667
mean-path-return_agent_1  -1.66667
total-samples              3
------------------------  --------
------------------------  --------
episode_reward             2
episodes                   2
last-path-return_agent_0  10
last-path-return_agent_1  50
max-path-return_agent_0   10
max-path-return_agent_1   50
mean-path-return_agent_0   3.33333
mean-path-return_agent_1  16.6667
total-samples              6
------------------------  --------
------------------------  --------
episode_reward             3
episodes                   3
last-path-return_agent_0  -5
last-path-return_agent_1  -5
max-path-return_agent_0   10
max-path-return_agent_1   50
mean-path-return_agent_0  -1.66667
mean-path-return_agent_1  -1.66667
total-samples              9
------------------------  --------
------------------------  ----
episode_reward             4
episodes                   4
last-path-return_agent_0  -5
last-path-return_agent_1  -5
max-path-return_agent_0   10
max-path-return_agent_1   50
mean-path-return_agent_0  -2.5
mean-path-return_agent_1  -2.5
total-samples             11
------------------------  ----
------------------------  --------
episode_reward             5
episodes                   5
last-path-return_agent_0  10
last-path-return_agent_1  50
max-path-return_agent_0   10
max-path-return_agent_1   50
mean-path-return_agent_0   3.33333
mean-path-return_agent_1  16.6667
total-samples             14
------------------------  --------
------------------------  --------
episode_reward             6
episodes                   6
last-path-return_agent_0  50
last-path-return_agent_1  10
max-path-return_agent_0   50
max-path-return_agent_1   50
mean-path-return_agent_0  16.6667
mean-path-return_agent_1   3.33333
total-samples             17
------------------------  --------
------------------------  --
episode_reward             7
episodes                   7
last-path-return_agent_0  10
last-path-return_agent_1  50
max-path-return_agent_0   50
max-path-return_agent_1   50
mean-path-return_agent_0   5
mean-path-return_agent_1  25
total-samples             19
------------------------  --
