------------------------  --------
episode_reward             1
episodes                   1
last-path-return_agent_0  10
last-path-return_agent_1  50
max-path-return_agent_0   10
max-path-return_agent_1   50
mean-path-return_agent_0   3.33333
mean-path-return_agent_1  16.6667
total-samples              3
------------------------  --------
------------------------  --
episode_reward             2
episodes                   2
last-path-return_agent_0  50
last-path-return_agent_1  10
max-path-return_agent_0   50
max-path-return_agent_1   50
mean-path-return_agent_0  25
mean-path-return_agent_1   5
total-samples              5
------------------------  --
------------------------  --------
episode_reward             3
episodes                   3
last-path-return_agent_0  50
last-path-return_agent_1  10
max-path-return_agent_0   50
max-path-return_agent_1   50
mean-path-return_agent_0  16.6667
mean-path-return_agent_1   3.33333
total-samples              8
------------------------  --------
