------------------------  --------
episode_reward             1
episodes                   1
last-path-return_agent_0  50
last-path-return_agent_1  10
max-path-return_agent_0   50
max-path-return_agent_1   10
mean-path-return_agent_0  16.6667
mean-path-return_agent_1   3.33333
total-samples              3
------------------------  --------
------------------------  --------
episode_reward             2
episodes                   2
last-path-return_agent_0  -5
last-path-return_agent_1  -5
max-path-return_agent_0   50
max-path-return_agent_1   10
mean-path-return_agent_0  -1.66667
mean-path-return_agent_1  -1.66667
total-samples              6
------------------------  --------
------------------------  --------
episode_reward             3
episodes                   3
last-path-return_agent_0  10
last-path-return_agent_1  50
max-path-return_agent_0   50
max-path-return_agent_1   50
mean-path-return_agent_0   3.33333
mean-path-return_agent_1  16.6667
total-samples              9
------------------------  --------
------------------------  --------
episode_reward             4
episodes                   4
last-path-return_agent_0  10
last-path-return_agent_1  50
max-path-return_agent_0   50
max-path-return_agent_1   50
mean-path-return_agent_0   3.33333
mean-path-return_agent_1  16.6667
total-samples             12
------------------------  --------
------------------------  --------
episode_reward             5
episodes                   5
last-path-return_agent_0  10
last-path-return_agent_1  50
max-path-return_agent_0   50
max-path-return_agent_1   50
mean-path-return_agent_0   3.33333
mean-path-return_agent_1  16.6667
total-samples             15
------------------------  --------
------------------------  --------
episode_reward             6
episodes                   6
last-path-return_agent_0  -5
last-path-return_agent_1  -5
max-path-return_agent_0   50
max-path-return_agent_1   50
mean-path-return_agent_0  -1.66667
mean-path-return_agent_1  -1.66667
total-samples             18
------------------------  --------
------------------------  --------
episode_reward             7
episodes                   7
last-path-return_agent_0  10
last-path-return_agent_1  50
max-path-return_agent_0   50
max-path-return_agent_1   50
mean-path-return_agent_0   3.33333
mean-path-return_agent_1  16.6667
total-samples             21
------------------------  --------
------------------------  ---
episode_reward              8
episodes                    8
last-path-return_agent_0  -10
last-path-return_agent_1  -10
max-path-return_agent_0    50
max-path-return_agent_1    50
mean-path-return_agent_0   -5
mean-path-return_agent_1   -5
total-samples              23
------------------------  ---
------------------------  --------
episode_reward             9
episodes                   9
last-path-return_agent_0  -5
last-path-return_agent_1  -5
max-path-return_agent_0   50
max-path-return_agent_1   50
mean-path-return_agent_0  -1.66667
mean-path-return_agent_1  -1.66667
total-samples             26
------------------------  --------
------------------------  --------
episode_reward            10
episodes                  10
last-path-return_agent_0  50
last-path-return_agent_1  10
max-path-return_agent_0   50
max-path-return_agent_1   50
mean-path-return_agent_0  16.6667
mean-path-return_agent_1   3.33333
total-samples             29
------------------------  --------
------------------------  --------
episode_reward            11
episodes                  11
last-path-return_agent_0  10
last-path-return_agent_1  50
max-path-return_agent_0   50
max-path-return_agent_1   50
mean-path-return_agent_0   3.33333
mean-path-return_agent_1  16.6667
total-samples             32
------------------------  --------
------------------------  --------
episode_reward            12
episodes                  12
last-path-return_agent_0  -5
last-path-return_agent_1  -5
max-path-return_agent_0   50
max-path-return_agent_1   50
mean-path-return_agent_0  -1.66667
mean-path-return_agent_1  -1.66667
total-samples             35
------------------------  --------
------------------------  --------
episode_reward            13
episodes                  13
last-path-return_agent_0  50
last-path-return_agent_1  10
max-path-return_agent_0   50
max-path-return_agent_1   50
mean-path-return_agent_0  16.6667
mean-path-return_agent_1   3.33333
total-samples             38
------------------------  --------
------------------------  --------
episode_reward            14
episodes                  14
last-path-return_agent_0  -5
last-path-return_agent_1  -5
max-path-return_agent_0   50
max-path-return_agent_1   50
mean-path-return_agent_0  -1.66667
mean-path-return_agent_1  -1.66667
total-samples             41
------------------------  --------
------------------------  ----
episode_reward            15
episodes                  15
last-path-return_agent_0  -5
last-path-return_agent_1  -5
max-path-return_agent_0   50
max-path-return_agent_1   50
mean-path-return_agent_0  -2.5
mean-path-return_agent_1  -2.5
total-samples             43
------------------------  ----
------------------------  --------
episode_reward            16
episodes                  16
last-path-return_agent_0  50
last-path-return_agent_1  10
max-path-return_agent_0   50
max-path-return_agent_1   50
mean-path-return_agent_0  16.6667
mean-path-return_agent_1   3.33333
total-samples             46
------------------------  --------
------------------------  --------
episode_reward            17
episodes                  17
last-path-return_agent_0  10
last-path-return_agent_1  50
max-path-return_agent_0   50
max-path-return_agent_1   50
mean-path-return_agent_0   3.33333
mean-path-return_agent_1  16.6667
total-samples             49
------------------------  --------
------------------------  --------
episode_reward            18
episodes                  18
last-path-return_agent_0  50
last-path-return_agent_1  10
max-path-return_agent_0   50
max-path-return_agent_1   50
mean-path-return_agent_0  16.6667
mean-path-return_agent_1   3.33333
total-samples             52
------------------------  --------
------------------------  --------
episode_reward            19
episodes                  19
last-path-return_agent_0  10
last-path-return_agent_1  50
max-path-return_agent_0   50
max-path-return_agent_1   50
mean-path-return_agent_0   3.33333
mean-path-return_agent_1  16.6667
total-samples             55
------------------------  --------
------------------------  --------
episode_reward            20
episodes                  20
last-path-return_agent_0  50
last-path-return_agent_1  10
max-path-return_agent_0   50
max-path-return_agent_1   50
mean-path-return_agent_0  16.6667
mean-path-return_agent_1   3.33333
total-samples             58
------------------------  --------
------------------------  --------
episode_reward            21
episodes                  21
last-path-return_agent_0  10
last-path-return_agent_1  50
max-path-return_agent_0   50
max-path-return_agent_1   50
mean-path-return_agent_0   3.33333
mean-path-return_agent_1  16.6667
total-samples             61
------------------------  --------
------------------------  --------
episode_reward            22
episodes                  22
last-path-return_agent_0  50
last-path-return_agent_1  10
max-path-return_agent_0   50
max-path-return_agent_1   50
mean-path-return_agent_0  16.6667
mean-path-return_agent_1   3.33333
total-samples             64
------------------------  --------
------------------------  --------
episode_reward            23
episodes                  23
last-path-return_agent_0  -5
last-path-return_agent_1  -5
max-path-return_agent_0   50
max-path-return_agent_1   50
mean-path-return_agent_0  -1.66667
mean-path-return_agent_1  -1.66667
total-samples             67
------------------------  --------
------------------------  --------
episode_reward            24
episodes                  24
last-path-return_agent_0  10
last-path-return_agent_1  50
max-path-return_agent_0   50
max-path-return_agent_1   50
mean-path-return_agent_0   3.33333
mean-path-return_agent_1  16.6667
total-samples             70
------------------------  --------
------------------------  --------
episode_reward            25
episodes                  25
last-path-return_agent_0  10
last-path-return_agent_1  50
max-path-return_agent_0   50
max-path-return_agent_1   50
mean-path-return_agent_0   3.33333
mean-path-return_agent_1  16.6667
total-samples             73
------------------------  --------
------------------------  --------
episode_reward            26
episodes                  26
last-path-return_agent_0  50
last-path-return_agent_1  10
max-path-return_agent_0   50
max-path-return_agent_1   50
mean-path-return_agent_0  16.6667
mean-path-return_agent_1   3.33333
total-samples             76
------------------------  --------
------------------------  --------
episode_reward            27
episodes                  27
last-path-return_agent_0  -5
last-path-return_agent_1  -5
max-path-return_agent_0   50
max-path-return_agent_1   50
mean-path-return_agent_0  -1.66667
mean-path-return_agent_1  -1.66667
total-samples             79
------------------------  --------
------------------------  --------
episode_reward            28
episodes                  28
last-path-return_agent_0  -5
last-path-return_agent_1  -5
max-path-return_agent_0   50
max-path-return_agent_1   50
mean-path-return_agent_0  -1.66667
mean-path-return_agent_1  -1.66667
total-samples             82
------------------------  --------
------------------------  --------
episode_reward            29
episodes                  29
last-path-return_agent_0  10
last-path-return_agent_1  50
max-path-return_agent_0   50
max-path-return_agent_1   50
mean-path-return_agent_0   3.33333
mean-path-return_agent_1  16.6667
total-samples             85
------------------------  --------
------------------------  ---
episode_reward             30
episodes                   30
last-path-return_agent_0  -10
last-path-return_agent_1  -10
max-path-return_agent_0    50
max-path-return_agent_1    50
mean-path-return_agent_0   -5
mean-path-return_agent_1   -5
total-samples              87
------------------------  ---
------------------------  --------
episode_reward            31
episodes                  31
last-path-return_agent_0  10
last-path-return_agent_1  50
max-path-return_agent_0   50
max-path-return_agent_1   50
mean-path-return_agent_0   3.33333
mean-path-return_agent_1  16.6667
total-samples             90
------------------------  --------
------------------------  --
episode_reward            32
episodes                  32
last-path-return_agent_0  10
last-path-return_agent_1  50
max-path-return_agent_0   50
max-path-return_agent_1   50
mean-path-return_agent_0   5
mean-path-return_agent_1  25
total-samples             92
------------------------  --
------------------------  --------
episode_reward            33
episodes                  33
last-path-return_agent_0  10
last-path-return_agent_1  50
max-path-return_agent_0   50
max-path-return_agent_1   50
mean-path-return_agent_0   3.33333
mean-path-return_agent_1  16.6667
total-samples             95
------------------------  --------
------------------------  --------
episode_reward            34
episodes                  34
last-path-return_agent_0  50
last-path-return_agent_1  10
max-path-return_agent_0   50
max-path-return_agent_1   50
mean-path-return_agent_0  16.6667
mean-path-return_agent_1   3.33333
total-samples             98
------------------------  --------
------------------------  ---------
episode_reward             35
episodes                   35
last-path-return_agent_0   10
last-path-return_agent_1   50
max-path-return_agent_0    50
max-path-return_agent_1    50
mean-path-return_agent_0    3.33333
mean-path-return_agent_1   16.6667
total-samples             101
------------------------  ---------
------------------------  ---------
episode_reward             36
episodes                   36
last-path-return_agent_0   10
last-path-return_agent_1   50
max-path-return_agent_0    50
max-path-return_agent_1    50
mean-path-return_agent_0    3.33333
mean-path-return_agent_1   16.6667
total-samples             104
------------------------  ---------
------------------------  ---------
episode_reward             37
episodes                   37
last-path-return_agent_0   10
last-path-return_agent_1   50
max-path-return_agent_0    50
max-path-return_agent_1    50
mean-path-return_agent_0    3.33333
mean-path-return_agent_1   16.6667
total-samples             107
------------------------  ---------
------------------------  ---------
episode_reward             38
episodes                   38
last-path-return_agent_0   50
last-path-return_agent_1   10
max-path-return_agent_0    50
max-path-return_agent_1    50
mean-path-return_agent_0   16.6667
mean-path-return_agent_1    3.33333
total-samples             110
------------------------  ---------
------------------------  ---------
episode_reward             39
episodes                   39
last-path-return_agent_0   50
last-path-return_agent_1   10
max-path-return_agent_0    50
max-path-return_agent_1    50
mean-path-return_agent_0   16.6667
mean-path-return_agent_1    3.33333
total-samples             113
------------------------  ---------
------------------------  ---------
episode_reward             40
episodes                   40
last-path-return_agent_0   10
last-path-return_agent_1   50
max-path-return_agent_0    50
max-path-return_agent_1    50
mean-path-return_agent_0    3.33333
mean-path-return_agent_1   16.6667
total-samples             116
------------------------  ---------
------------------------  ---------
episode_reward             41
episodes                   41
last-path-return_agent_0   -5
last-path-return_agent_1   -5
max-path-return_agent_0    50
max-path-return_agent_1    50
mean-path-return_agent_0   -1.66667
mean-path-return_agent_1   -1.66667
total-samples             119
------------------------  ---------
------------------------  ---------
episode_reward             42
episodes                   42
last-path-return_agent_0   10
last-path-return_agent_1   50
max-path-return_agent_0    50
max-path-return_agent_1    50
mean-path-return_agent_0    3.33333
mean-path-return_agent_1   16.6667
total-samples             122
------------------------  ---------
------------------------  ---------
episode_reward             43
episodes                   43
last-path-return_agent_0   -5
last-path-return_agent_1   -5
max-path-return_agent_0    50
max-path-return_agent_1    50
mean-path-return_agent_0   -1.66667
mean-path-return_agent_1   -1.66667
total-samples             125
------------------------  ---------
------------------------  ---------
episode_reward             44
episodes                   44
last-path-return_agent_0   10
last-path-return_agent_1   50
max-path-return_agent_0    50
max-path-return_agent_1    50
mean-path-return_agent_0    3.33333
mean-path-return_agent_1   16.6667
total-samples             128
------------------------  ---------
------------------------  ---------
episode_reward             45
episodes                   45
last-path-return_agent_0   50
last-path-return_agent_1   10
max-path-return_agent_0    50
max-path-return_agent_1    50
mean-path-return_agent_0   16.6667
mean-path-return_agent_1    3.33333
total-samples             131
------------------------  ---------
------------------------  ---
episode_reward             46
episodes                   46
last-path-return_agent_0  -10
last-path-return_agent_1  -10
max-path-return_agent_0    50
max-path-return_agent_1    50
mean-path-return_agent_0   -5
mean-path-return_agent_1   -5
total-samples             133
------------------------  ---
------------------------  ---------
episode_reward             47
episodes                   47
last-path-return_agent_0   50
last-path-return_agent_1   10
max-path-return_agent_0    50
max-path-return_agent_1    50
mean-path-return_agent_0   16.6667
mean-path-return_agent_1    3.33333
total-samples             136
------------------------  ---------
------------------------  ---------
episode_reward             48
episodes                   48
last-path-return_agent_0   50
last-path-return_agent_1   10
max-path-return_agent_0    50
max-path-return_agent_1    50
mean-path-return_agent_0   16.6667
mean-path-return_agent_1    3.33333
total-samples             139
------------------------  ---------
------------------------  ---
episode_reward             49
episodes                   49
last-path-return_agent_0   10
last-path-return_agent_1   50
max-path-return_agent_0    50
max-path-return_agent_1    50
mean-path-return_agent_0    5
mean-path-return_agent_1   25
total-samples             141
------------------------  ---
------------------------  ---------
episode_reward             50
episodes                   50
last-path-return_agent_0   50
last-path-return_agent_1   10
max-path-return_agent_0    50
max-path-return_agent_1    50
mean-path-return_agent_0   16.6667
mean-path-return_agent_1    3.33333
total-samples             144
------------------------  ---------
------------------------  ---------
episode_reward             51
episodes                   51
last-path-return_agent_0   10
last-path-return_agent_1   50
max-path-return_agent_0    50
max-path-return_agent_1    50
mean-path-return_agent_0    3.33333
mean-path-return_agent_1   16.6667
total-samples             147
------------------------  ---------
------------------------  ---------
episode_reward             52
episodes                   52
last-path-return_agent_0   -5
last-path-return_agent_1   -5
max-path-return_agent_0    50
max-path-return_agent_1    50
mean-path-return_agent_0   -1.66667
mean-path-return_agent_1   -1.66667
total-samples             150
------------------------  ---------
------------------------  ---------
episode_reward             53
episodes                   53
last-path-return_agent_0   10
last-path-return_agent_1   50
max-path-return_agent_0    50
max-path-return_agent_1    50
mean-path-return_agent_0    3.33333
mean-path-return_agent_1   16.6667
total-samples             153
------------------------  ---------
------------------------  ---------
episode_reward             54
episodes                   54
last-path-return_agent_0   10
last-path-return_agent_1   50
max-path-return_agent_0    50
max-path-return_agent_1    50
mean-path-return_agent_0    3.33333
mean-path-return_agent_1   16.6667
total-samples             156
------------------------  ---------
------------------------  ---------
episode_reward             55
episodes                   55
last-path-return_agent_0   10
last-path-return_agent_1   50
max-path-return_agent_0    50
max-path-return_agent_1    50
mean-path-return_agent_0    3.33333
mean-path-return_agent_1   16.6667
total-samples             159
------------------------  ---------
------------------------  ---------
episode_reward             56
episodes                   56
last-path-return_agent_0   10
last-path-return_agent_1   50
max-path-return_agent_0    50
max-path-return_agent_1    50
mean-path-return_agent_0    3.33333
mean-path-return_agent_1   16.6667
total-samples             162
------------------------  ---------
------------------------  ---------
episode_reward             57
episodes                   57
last-path-return_agent_0   10
last-path-return_agent_1   50
max-path-return_agent_0    50
max-path-return_agent_1    50
mean-path-return_agent_0    3.33333
mean-path-return_agent_1   16.6667
total-samples             165
------------------------  ---------
