------------------------  --
episode_reward             1
episodes                   1
last-path-return_agent_0  10
last-path-return_agent_1  50
max-path-return_agent_0   10
max-path-return_agent_1   50
mean-path-return_agent_0   5
mean-path-return_agent_1  25
total-samples              2
------------------------  --
------------------------  ---
episode_reward              2
episodes                    2
last-path-return_agent_0  -10
last-path-return_agent_1  -10
max-path-return_agent_0    10
max-path-return_agent_1    50
mean-path-return_agent_0   -5
mean-path-return_agent_1   -5
total-samples               4
------------------------  ---
------------------------  ----
episode_reward             3
episodes                   3
last-path-return_agent_0  10
last-path-return_agent_1  50
max-path-return_agent_0   10
max-path-return_agent_1   50
mean-path-return_agent_0   2.5
mean-path-return_agent_1  12.5
total-samples              8
------------------------  ----
