-------------------------  --------
episode_reward              1
episodes                    1
last-path-return_agent_0   50
last-path-return_agent_1   10
max-path-return_agent_0    50
max-path-return_agent_1    10
mean-episode_cost_agent_0   0
mean-episode_cost_agent_1   0
mean-path-return_agent_0   16.6667
mean-path-return_agent_1    3.33333
total-samples               3
-------------------------  --------
-------------------------  ----
episode_reward              2
episodes                    2
last-path-return_agent_0   -5
last-path-return_agent_1   -5
max-path-return_agent_0    50
max-path-return_agent_1    10
mean-episode_cost_agent_0  25
mean-episode_cost_agent_1  25
mean-path-return_agent_0   -2.5
mean-path-return_agent_1   -2.5
total-samples               5
-------------------------  ----
-------------------------  --------
episode_reward              3
episodes                    3
last-path-return_agent_0   10
last-path-return_agent_1   50
max-path-return_agent_0    50
max-path-return_agent_1    50
mean-episode_cost_agent_0   6.66667
mean-episode_cost_agent_1   0
mean-path-return_agent_0    3.33333
mean-path-return_agent_1   16.6667
total-samples               8
-------------------------  --------
-------------------------  --
episode_reward              4
episodes                    4
last-path-return_agent_0   10
last-path-return_agent_1   50
max-path-return_agent_0    50
max-path-return_agent_1    50
mean-episode_cost_agent_0   0
mean-episode_cost_agent_1   0
mean-path-return_agent_0    5
mean-path-return_agent_1   25
total-samples              10
-------------------------  --
-------------------------  --------
episode_reward              5
episodes                    5
last-path-return_agent_0   10
last-path-return_agent_1   50
max-path-return_agent_0    50
max-path-return_agent_1    50
mean-episode_cost_agent_0   6.66667
mean-episode_cost_agent_1   3.33333
mean-path-return_agent_0    3.33333
mean-path-return_agent_1   16.6667
total-samples              13
-------------------------  --------
-------------------------  --------
episode_reward              6
episodes                    6
last-path-return_agent_0   50
last-path-return_agent_1   10
max-path-return_agent_0    50
max-path-return_agent_1    50
mean-episode_cost_agent_0   0
mean-episode_cost_agent_1   0
mean-path-return_agent_0   16.6667
mean-path-return_agent_1    3.33333
total-samples              16
-------------------------  --------
-------------------------  --------
episode_reward              7
episodes                    7
last-path-return_agent_0   10
last-path-return_agent_1   50
max-path-return_agent_0    50
max-path-return_agent_1    50
mean-episode_cost_agent_0   6.66667
mean-episode_cost_agent_1   0
mean-path-return_agent_0    3.33333
mean-path-return_agent_1   16.6667
total-samples              19
-------------------------  --------
-------------------------  --------
episode_reward              8
episodes                    8
last-path-return_agent_0   50
last-path-return_agent_1   10
max-path-return_agent_0    50
max-path-return_agent_1    50
mean-episode_cost_agent_0   0
mean-episode_cost_agent_1   0
mean-path-return_agent_0   16.6667
mean-path-return_agent_1    3.33333
total-samples              22
-------------------------  --------
-------------------------  ----
episode_reward              9
episodes                    9
last-path-return_agent_0   -5
last-path-return_agent_1   -5
max-path-return_agent_0    50
max-path-return_agent_1    50
mean-episode_cost_agent_0  25
mean-episode_cost_agent_1  25
mean-path-return_agent_0   -2.5
mean-path-return_agent_1   -2.5
total-samples              24
-------------------------  ----
-------------------------  --------
episode_reward             10
episodes                   10
last-path-return_agent_0   50
last-path-return_agent_1   10
max-path-return_agent_0    50
max-path-return_agent_1    50
mean-episode_cost_agent_0   0
mean-episode_cost_agent_1   0
mean-path-return_agent_0   16.6667
mean-path-return_agent_1    3.33333
total-samples              27
-------------------------  --------
-------------------------  ----
episode_reward             11
episodes                   11
last-path-return_agent_0   50
last-path-return_agent_1   10
max-path-return_agent_0    50
max-path-return_agent_1    50
mean-episode_cost_agent_0   0
mean-episode_cost_agent_1   7.5
mean-path-return_agent_0   12.5
mean-path-return_agent_1    2.5
total-samples              31
-------------------------  ----
-------------------------  ---
episode_reward              12
episodes                    12
last-path-return_agent_0   -10
last-path-return_agent_1   -10
max-path-return_agent_0     50
max-path-return_agent_1     50
mean-episode_cost_agent_0   25
mean-episode_cost_agent_1   25
mean-path-return_agent_0    -5
mean-path-return_agent_1    -5
total-samples               33
-------------------------  ---
-------------------------  --------
episode_reward             13
episodes                   13
last-path-return_agent_0   50
last-path-return_agent_1   10
max-path-return_agent_0    50
max-path-return_agent_1    50
mean-episode_cost_agent_0   0
mean-episode_cost_agent_1   0
mean-path-return_agent_0   16.6667
mean-path-return_agent_1    3.33333
total-samples              36
-------------------------  --------
-------------------------  --------
episode_reward             14
episodes                   14
last-path-return_agent_0   10
last-path-return_agent_1   50
max-path-return_agent_0    50
max-path-return_agent_1    50
mean-episode_cost_agent_0   0
mean-episode_cost_agent_1   0
mean-path-return_agent_0    3.33333
mean-path-return_agent_1   16.6667
total-samples              39
-------------------------  --------
-------------------------  --------
episode_reward             15
episodes                   15
last-path-return_agent_0   50
last-path-return_agent_1   10
max-path-return_agent_0    50
max-path-return_agent_1    50
mean-episode_cost_agent_0   0
mean-episode_cost_agent_1   0
mean-path-return_agent_0   16.6667
mean-path-return_agent_1    3.33333
total-samples              42
-------------------------  --------
-------------------------  --------
episode_reward             16
episodes                   16
last-path-return_agent_0   50
last-path-return_agent_1   10
max-path-return_agent_0    50
max-path-return_agent_1    50
mean-episode_cost_agent_0   0
mean-episode_cost_agent_1   3.33333
mean-path-return_agent_0   16.6667
mean-path-return_agent_1    3.33333
total-samples              45
-------------------------  --------
-------------------------  --------
episode_reward             17
episodes                   17
last-path-return_agent_0   50
last-path-return_agent_1   10
max-path-return_agent_0    50
max-path-return_agent_1    50
mean-episode_cost_agent_0   0
mean-episode_cost_agent_1   0
mean-path-return_agent_0   16.6667
mean-path-return_agent_1    3.33333
total-samples              48
-------------------------  --------
-------------------------  --------
episode_reward             18
episodes                   18
last-path-return_agent_0   10
last-path-return_agent_1   50
max-path-return_agent_0    50
max-path-return_agent_1    50
mean-episode_cost_agent_0   0
mean-episode_cost_agent_1   0
mean-path-return_agent_0    3.33333
mean-path-return_agent_1   16.6667
total-samples              51
-------------------------  --------
-------------------------  --
episode_reward             19
episodes                   19
last-path-return_agent_0   50
last-path-return_agent_1   10
max-path-return_agent_0    50
max-path-return_agent_1    50
mean-episode_cost_agent_0   0
mean-episode_cost_agent_1   0
mean-path-return_agent_0   25
mean-path-return_agent_1    5
total-samples              53
-------------------------  --
-------------------------  --------
episode_reward             20
episodes                   20
last-path-return_agent_0   10
last-path-return_agent_1   50
max-path-return_agent_0    50
max-path-return_agent_1    50
mean-episode_cost_agent_0   0
mean-episode_cost_agent_1   0
mean-path-return_agent_0    3.33333
mean-path-return_agent_1   16.6667
total-samples              56
-------------------------  --------
-------------------------  --------
episode_reward             21
episodes                   21
last-path-return_agent_0   -5
last-path-return_agent_1   -5
max-path-return_agent_0    50
max-path-return_agent_1    50
mean-episode_cost_agent_0  16.6667
mean-episode_cost_agent_1  16.6667
mean-path-return_agent_0   -1.66667
mean-path-return_agent_1   -1.66667
total-samples              59
-------------------------  --------
-------------------------  --------
episode_reward             22
episodes                   22
last-path-return_agent_0   50
last-path-return_agent_1   10
max-path-return_agent_0    50
max-path-return_agent_1    50
mean-episode_cost_agent_0   0
mean-episode_cost_agent_1   0
mean-path-return_agent_0   16.6667
mean-path-return_agent_1    3.33333
total-samples              62
-------------------------  --------
-------------------------  --------
episode_reward             23
episodes                   23
last-path-return_agent_0   -5
last-path-return_agent_1   -5
max-path-return_agent_0    50
max-path-return_agent_1    50
mean-episode_cost_agent_0  16.6667
mean-episode_cost_agent_1  16.6667
mean-path-return_agent_0   -1.66667
mean-path-return_agent_1   -1.66667
total-samples              65
-------------------------  --------
-------------------------  --------
episode_reward             24
episodes                   24
last-path-return_agent_0   50
last-path-return_agent_1   10
max-path-return_agent_0    50
max-path-return_agent_1    50
mean-episode_cost_agent_0   0
mean-episode_cost_agent_1   6.66667
mean-path-return_agent_0   16.6667
mean-path-return_agent_1    3.33333
total-samples              68
-------------------------  --------
-------------------------  --------
episode_reward             25
episodes                   25
last-path-return_agent_0   -5
last-path-return_agent_1   -5
max-path-return_agent_0    50
max-path-return_agent_1    50
mean-episode_cost_agent_0  20
mean-episode_cost_agent_1  20
mean-path-return_agent_0   -1.66667
mean-path-return_agent_1   -1.66667
total-samples              71
-------------------------  --------
-------------------------  ----
episode_reward             26
episodes                   26
last-path-return_agent_0   -5
last-path-return_agent_1   -5
max-path-return_agent_0    50
max-path-return_agent_1    50
mean-episode_cost_agent_0  25
mean-episode_cost_agent_1  25
mean-path-return_agent_0   -2.5
mean-path-return_agent_1   -2.5
total-samples              73
-------------------------  ----
-------------------------  --
episode_reward             27
episodes                   27
last-path-return_agent_0   50
last-path-return_agent_1   10
max-path-return_agent_0    50
max-path-return_agent_1    50
mean-episode_cost_agent_0   0
mean-episode_cost_agent_1   0
mean-path-return_agent_0   25
mean-path-return_agent_1    5
total-samples              75
-------------------------  --
-------------------------  --------
episode_reward             28
episodes                   28
last-path-return_agent_0   50
last-path-return_agent_1   10
max-path-return_agent_0    50
max-path-return_agent_1    50
mean-episode_cost_agent_0   0
mean-episode_cost_agent_1   0
mean-path-return_agent_0   16.6667
mean-path-return_agent_1    3.33333
total-samples              78
-------------------------  --------
-------------------------  --------
episode_reward             29
episodes                   29
last-path-return_agent_0   50
last-path-return_agent_1   10
max-path-return_agent_0    50
max-path-return_agent_1    50
mean-episode_cost_agent_0   0
mean-episode_cost_agent_1   0
mean-path-return_agent_0   16.6667
mean-path-return_agent_1    3.33333
total-samples              81
-------------------------  --------
-------------------------  --------
episode_reward             30
episodes                   30
last-path-return_agent_0   -5
last-path-return_agent_1   -5
max-path-return_agent_0    50
max-path-return_agent_1    50
mean-episode_cost_agent_0  16.6667
mean-episode_cost_agent_1  16.6667
mean-path-return_agent_0   -1.66667
mean-path-return_agent_1   -1.66667
total-samples              84
-------------------------  --------
-------------------------  --------
episode_reward             31
episodes                   31
last-path-return_agent_0   10
last-path-return_agent_1   50
max-path-return_agent_0    50
max-path-return_agent_1    50
mean-episode_cost_agent_0   0
mean-episode_cost_agent_1   0
mean-path-return_agent_0    3.33333
mean-path-return_agent_1   16.6667
total-samples              87
-------------------------  --------
-------------------------  --------
episode_reward             32
episodes                   32
last-path-return_agent_0   -5
last-path-return_agent_1   -5
max-path-return_agent_0    50
max-path-return_agent_1    50
mean-episode_cost_agent_0  16.6667
mean-episode_cost_agent_1  16.6667
mean-path-return_agent_0   -1.66667
mean-path-return_agent_1   -1.66667
total-samples              90
-------------------------  --------
-------------------------  --------
episode_reward             33
episodes                   33
last-path-return_agent_0   -5
last-path-return_agent_1   -5
max-path-return_agent_0    50
max-path-return_agent_1    50
mean-episode_cost_agent_0  16.6667
mean-episode_cost_agent_1  16.6667
mean-path-return_agent_0   -1.66667
mean-path-return_agent_1   -1.66667
total-samples              93
-------------------------  --------
-------------------------  --------
episode_reward             34
episodes                   34
last-path-return_agent_0   50
last-path-return_agent_1   10
max-path-return_agent_0    50
max-path-return_agent_1    50
mean-episode_cost_agent_0   0
mean-episode_cost_agent_1   0
mean-path-return_agent_0   16.6667
mean-path-return_agent_1    3.33333
total-samples              96
-------------------------  --------
-------------------------  --------
episode_reward             35
episodes                   35
last-path-return_agent_0   50
last-path-return_agent_1   10
max-path-return_agent_0    50
max-path-return_agent_1    50
mean-episode_cost_agent_0   0
mean-episode_cost_agent_1   0
mean-path-return_agent_0   16.6667
mean-path-return_agent_1    3.33333
total-samples              99
-------------------------  --------
-------------------------  ---------
episode_reward              36
episodes                    36
last-path-return_agent_0    50
last-path-return_agent_1    10
max-path-return_agent_0     50
max-path-return_agent_1     50
mean-episode_cost_agent_0    0
mean-episode_cost_agent_1    0
mean-path-return_agent_0    16.6667
mean-path-return_agent_1     3.33333
total-samples              102
-------------------------  ---------
-------------------------  ---------
episode_reward              37
episodes                    37
last-path-return_agent_0    10
last-path-return_agent_1    50
max-path-return_agent_0     50
max-path-return_agent_1     50
mean-episode_cost_agent_0    0
mean-episode_cost_agent_1    0
mean-path-return_agent_0     3.33333
mean-path-return_agent_1    16.6667
total-samples              105
-------------------------  ---------
-------------------------  ---------
episode_reward              38
episodes                    38
last-path-return_agent_0    50
last-path-return_agent_1    10
max-path-return_agent_0     50
max-path-return_agent_1     50
mean-episode_cost_agent_0    0
mean-episode_cost_agent_1    0
mean-path-return_agent_0    16.6667
mean-path-return_agent_1     3.33333
total-samples              108
-------------------------  ---------
-------------------------  ---------
episode_reward              39
episodes                    39
last-path-return_agent_0    -5
last-path-return_agent_1    -5
max-path-return_agent_0     50
max-path-return_agent_1     50
mean-episode_cost_agent_0   20
mean-episode_cost_agent_1   20
mean-path-return_agent_0    -1.66667
mean-path-return_agent_1    -1.66667
total-samples              111
-------------------------  ---------
-------------------------  ---------
episode_reward              40
episodes                    40
last-path-return_agent_0    50
last-path-return_agent_1    10
max-path-return_agent_0     50
max-path-return_agent_1     50
mean-episode_cost_agent_0    0
mean-episode_cost_agent_1    0
mean-path-return_agent_0    16.6667
mean-path-return_agent_1     3.33333
total-samples              114
-------------------------  ---------
-------------------------  ---------
episode_reward              41
episodes                    41
last-path-return_agent_0    50
last-path-return_agent_1    10
max-path-return_agent_0     50
max-path-return_agent_1     50
mean-episode_cost_agent_0    0
mean-episode_cost_agent_1    6.66667
mean-path-return_agent_0    16.6667
mean-path-return_agent_1     3.33333
total-samples              117
-------------------------  ---------
-------------------------  ---------
episode_reward              42
episodes                    42
last-path-return_agent_0    10
last-path-return_agent_1    50
max-path-return_agent_0     50
max-path-return_agent_1     50
mean-episode_cost_agent_0    0
mean-episode_cost_agent_1    0
mean-path-return_agent_0     3.33333
mean-path-return_agent_1    16.6667
total-samples              120
-------------------------  ---------
-------------------------  ---------
episode_reward              43
episodes                    43
last-path-return_agent_0    10
last-path-return_agent_1    50
max-path-return_agent_0     50
max-path-return_agent_1     50
mean-episode_cost_agent_0    0
mean-episode_cost_agent_1    0
mean-path-return_agent_0     3.33333
mean-path-return_agent_1    16.6667
total-samples              123
-------------------------  ---------
-------------------------  ---------
episode_reward              44
episodes                    44
last-path-return_agent_0    50
last-path-return_agent_1    10
max-path-return_agent_0     50
max-path-return_agent_1     50
mean-episode_cost_agent_0    0
mean-episode_cost_agent_1    0
mean-path-return_agent_0    16.6667
mean-path-return_agent_1     3.33333
total-samples              126
-------------------------  ---------
-------------------------  ---------
episode_reward              45
episodes                    45
last-path-return_agent_0    50
last-path-return_agent_1    10
max-path-return_agent_0     50
max-path-return_agent_1     50
mean-episode_cost_agent_0    0
mean-episode_cost_agent_1    0
mean-path-return_agent_0    16.6667
mean-path-return_agent_1     3.33333
total-samples              129
-------------------------  ---------
-------------------------  ---------
episode_reward              46
episodes                    46
last-path-return_agent_0    50
last-path-return_agent_1    10
max-path-return_agent_0     50
max-path-return_agent_1     50
mean-episode_cost_agent_0    0
mean-episode_cost_agent_1    0
mean-path-return_agent_0    16.6667
mean-path-return_agent_1     3.33333
total-samples              132
-------------------------  ---------
-------------------------  ---------
episode_reward              47
episodes                    47
last-path-return_agent_0    50
last-path-return_agent_1    10
max-path-return_agent_0     50
max-path-return_agent_1     50
mean-episode_cost_agent_0    0
mean-episode_cost_agent_1    0
mean-path-return_agent_0    16.6667
mean-path-return_agent_1     3.33333
total-samples              135
-------------------------  ---------
-------------------------  ---------
episode_reward              48
episodes                    48
last-path-return_agent_0    10
last-path-return_agent_1    50
max-path-return_agent_0     50
max-path-return_agent_1     50
mean-episode_cost_agent_0    0
mean-episode_cost_agent_1    0
mean-path-return_agent_0     3.33333
mean-path-return_agent_1    16.6667
total-samples              138
-------------------------  ---------
-------------------------  ---------
episode_reward              49
episodes                    49
last-path-return_agent_0    10
last-path-return_agent_1    50
max-path-return_agent_0     50
max-path-return_agent_1     50
mean-episode_cost_agent_0    6.66667
mean-episode_cost_agent_1    0
mean-path-return_agent_0     3.33333
mean-path-return_agent_1    16.6667
total-samples              141
-------------------------  ---------
-------------------------  ---------
episode_reward              50
episodes                    50
last-path-return_agent_0    10
last-path-return_agent_1    50
max-path-return_agent_0     50
max-path-return_agent_1     50
mean-episode_cost_agent_0    0
mean-episode_cost_agent_1    0
mean-path-return_agent_0     3.33333
mean-path-return_agent_1    16.6667
total-samples              144
-------------------------  ---------
-------------------------  ---------
episode_reward              51
episodes                    51
last-path-return_agent_0    10
last-path-return_agent_1    50
max-path-return_agent_0     50
max-path-return_agent_1     50
mean-episode_cost_agent_0    0
mean-episode_cost_agent_1    0
mean-path-return_agent_0     3.33333
mean-path-return_agent_1    16.6667
total-samples              147
-------------------------  ---------
-------------------------  ---
episode_reward              52
episodes                    52
last-path-return_agent_0   -10
last-path-return_agent_1   -10
max-path-return_agent_0     50
max-path-return_agent_1     50
mean-episode_cost_agent_0   25
mean-episode_cost_agent_1   25
mean-path-return_agent_0    -5
mean-path-return_agent_1    -5
total-samples              149
-------------------------  ---
-------------------------  ---------
episode_reward              53
episodes                    53
last-path-return_agent_0    50
last-path-return_agent_1    10
max-path-return_agent_0     50
max-path-return_agent_1     50
mean-episode_cost_agent_0    0
mean-episode_cost_agent_1    0
mean-path-return_agent_0    16.6667
mean-path-return_agent_1     3.33333
total-samples              152
-------------------------  ---------
-------------------------  ---------
episode_reward              54
episodes                    54
last-path-return_agent_0    -5
last-path-return_agent_1    -5
max-path-return_agent_0     50
max-path-return_agent_1     50
mean-episode_cost_agent_0   16.6667
mean-episode_cost_agent_1   16.6667
mean-path-return_agent_0    -1.66667
mean-path-return_agent_1    -1.66667
total-samples              155
-------------------------  ---------
-------------------------  ---------
episode_reward              55
episodes                    55
last-path-return_agent_0    10
last-path-return_agent_1    50
max-path-return_agent_0     50
max-path-return_agent_1     50
mean-episode_cost_agent_0    0
mean-episode_cost_agent_1    0
mean-path-return_agent_0     3.33333
mean-path-return_agent_1    16.6667
total-samples              158
-------------------------  ---------
-------------------------  ---------
episode_reward              56
episodes                    56
last-path-return_agent_0    10
last-path-return_agent_1    50
max-path-return_agent_0     50
max-path-return_agent_1     50
mean-episode_cost_agent_0    0
mean-episode_cost_agent_1    0
mean-path-return_agent_0     3.33333
mean-path-return_agent_1    16.6667
total-samples              161
-------------------------  ---------
-------------------------  ---------
episode_reward              57
episodes                    57
last-path-return_agent_0    50
last-path-return_agent_1    10
max-path-return_agent_0     50
max-path-return_agent_1     50
mean-episode_cost_agent_0    0
mean-episode_cost_agent_1    0
mean-path-return_agent_0    16.6667
mean-path-return_agent_1     3.33333
total-samples              164
-------------------------  ---------
-------------------------  ---------
episode_reward              58
episodes                    58
last-path-return_agent_0    10
last-path-return_agent_1    50
max-path-return_agent_0     50
max-path-return_agent_1     50
mean-episode_cost_agent_0    0
mean-episode_cost_agent_1    0
mean-path-return_agent_0     3.33333
mean-path-return_agent_1    16.6667
total-samples              167
-------------------------  ---------
-------------------------  ---
episode_reward              59
episodes                    59
last-path-return_agent_0    10
last-path-return_agent_1    50
max-path-return_agent_0     50
max-path-return_agent_1     50
mean-episode_cost_agent_0    0
mean-episode_cost_agent_1    0
mean-path-return_agent_0     5
mean-path-return_agent_1    25
total-samples              169
-------------------------  ---
-------------------------  ---
episode_reward              60
episodes                    60
last-path-return_agent_0    50
last-path-return_agent_1    10
max-path-return_agent_0     50
max-path-return_agent_1     50
mean-episode_cost_agent_0    0
mean-episode_cost_agent_1    0
mean-path-return_agent_0    25
mean-path-return_agent_1     5
total-samples              171
-------------------------  ---
-------------------------  ---
episode_reward              61
episodes                    61
last-path-return_agent_0    10
last-path-return_agent_1    50
max-path-return_agent_0     50
max-path-return_agent_1     50
mean-episode_cost_agent_0    0
mean-episode_cost_agent_1    0
mean-path-return_agent_0     5
mean-path-return_agent_1    25
total-samples              173
-------------------------  ---
-------------------------  ---------
episode_reward              62
episodes                    62
last-path-return_agent_0    10
last-path-return_agent_1    50
max-path-return_agent_0     50
max-path-return_agent_1     50
mean-episode_cost_agent_0    0
mean-episode_cost_agent_1    0
mean-path-return_agent_0     3.33333
mean-path-return_agent_1    16.6667
total-samples              176
-------------------------  ---------
-------------------------  ---
episode_reward              63
episodes                    63
last-path-return_agent_0   -10
last-path-return_agent_1   -10
max-path-return_agent_0     50
max-path-return_agent_1     50
mean-episode_cost_agent_0   25
mean-episode_cost_agent_1   25
mean-path-return_agent_0    -5
mean-path-return_agent_1    -5
total-samples              178
-------------------------  ---
-------------------------  ---------
episode_reward              64
episodes                    64
last-path-return_agent_0    50
last-path-return_agent_1    10
max-path-return_agent_0     50
max-path-return_agent_1     50
mean-episode_cost_agent_0    0
mean-episode_cost_agent_1    0
mean-path-return_agent_0    16.6667
mean-path-return_agent_1     3.33333
total-samples              181
-------------------------  ---------
-------------------------  ---
episode_reward              65
episodes                    65
last-path-return_agent_0   -10
last-path-return_agent_1   -10
max-path-return_agent_0     50
max-path-return_agent_1     50
mean-episode_cost_agent_0   25
mean-episode_cost_agent_1   25
mean-path-return_agent_0    -5
mean-path-return_agent_1    -5
total-samples              183
-------------------------  ---
-------------------------  ---------
episode_reward              66
episodes                    66
last-path-return_agent_0    50
last-path-return_agent_1    10
max-path-return_agent_0     50
max-path-return_agent_1     50
mean-episode_cost_agent_0    0
mean-episode_cost_agent_1    0
mean-path-return_agent_0    16.6667
mean-path-return_agent_1     3.33333
total-samples              186
-------------------------  ---------
-------------------------  ---
episode_reward              67
episodes                    67
last-path-return_agent_0    50
last-path-return_agent_1    10
max-path-return_agent_0     50
max-path-return_agent_1     50
mean-episode_cost_agent_0    0
mean-episode_cost_agent_1    0
mean-path-return_agent_0    25
mean-path-return_agent_1     5
total-samples              188
-------------------------  ---
-------------------------  ---------
episode_reward              68
episodes                    68
last-path-return_agent_0    50
last-path-return_agent_1    10
max-path-return_agent_0     50
max-path-return_agent_1     50
mean-episode_cost_agent_0    0
mean-episode_cost_agent_1    0
mean-path-return_agent_0    16.6667
mean-path-return_agent_1     3.33333
total-samples              191
-------------------------  ---------
-------------------------  ---------
episode_reward              69
episodes                    69
last-path-return_agent_0    10
last-path-return_agent_1    50
max-path-return_agent_0     50
max-path-return_agent_1     50
mean-episode_cost_agent_0    6.66667
mean-episode_cost_agent_1    0
mean-path-return_agent_0     3.33333
mean-path-return_agent_1    16.6667
total-samples              194
-------------------------  ---------
-------------------------  ---------
episode_reward              70
episodes                    70
last-path-return_agent_0    10
last-path-return_agent_1    50
max-path-return_agent_0     50
max-path-return_agent_1     50
mean-episode_cost_agent_0    0
mean-episode_cost_agent_1    0
mean-path-return_agent_0     3.33333
mean-path-return_agent_1    16.6667
total-samples              197
-------------------------  ---------
-------------------------  ---------
episode_reward              71
episodes                    71
last-path-return_agent_0    -5
last-path-return_agent_1    -5
max-path-return_agent_0     50
max-path-return_agent_1     50
mean-episode_cost_agent_0   16.6667
mean-episode_cost_agent_1   16.6667
mean-path-return_agent_0    -1.66667
mean-path-return_agent_1    -1.66667
total-samples              200
-------------------------  ---------
-------------------------  ---------
episode_reward              72
episodes                    72
last-path-return_agent_0    10
last-path-return_agent_1    50
max-path-return_agent_0     50
max-path-return_agent_1     50
mean-episode_cost_agent_0    0
mean-episode_cost_agent_1    0
mean-path-return_agent_0     3.33333
mean-path-return_agent_1    16.6667
total-samples              203
-------------------------  ---------
-------------------------  ---------
episode_reward              73
episodes                    73
last-path-return_agent_0    -5
last-path-return_agent_1    -5
max-path-return_agent_0     50
max-path-return_agent_1     50
mean-episode_cost_agent_0   16.6667
mean-episode_cost_agent_1   16.6667
mean-path-return_agent_0    -1.66667
mean-path-return_agent_1    -1.66667
total-samples              206
-------------------------  ---------
-------------------------  ---------
episode_reward              74
episodes                    74
last-path-return_agent_0    50
last-path-return_agent_1    10
max-path-return_agent_0     50
max-path-return_agent_1     50
mean-episode_cost_agent_0    3.33333
mean-episode_cost_agent_1    0
mean-path-return_agent_0    16.6667
mean-path-return_agent_1     3.33333
total-samples              209
-------------------------  ---------
-------------------------  ---------
episode_reward              75
episodes                    75
last-path-return_agent_0    50
last-path-return_agent_1    10
max-path-return_agent_0     50
max-path-return_agent_1     50
mean-episode_cost_agent_0    0
mean-episode_cost_agent_1    0
mean-path-return_agent_0    16.6667
mean-path-return_agent_1     3.33333
total-samples              212
-------------------------  ---------
-------------------------  ---------
episode_reward              76
episodes                    76
last-path-return_agent_0    50
last-path-return_agent_1    10
max-path-return_agent_0     50
max-path-return_agent_1     50
mean-episode_cost_agent_0    0
mean-episode_cost_agent_1    0
mean-path-return_agent_0    16.6667
mean-path-return_agent_1     3.33333
total-samples              215
-------------------------  ---------
-------------------------  ---
episode_reward              77
episodes                    77
last-path-return_agent_0    50
last-path-return_agent_1    10
max-path-return_agent_0     50
max-path-return_agent_1     50
mean-episode_cost_agent_0    0
mean-episode_cost_agent_1    0
mean-path-return_agent_0    25
mean-path-return_agent_1     5
total-samples              217
-------------------------  ---
-------------------------  ---------
episode_reward              78
episodes                    78
last-path-return_agent_0    50
last-path-return_agent_1    10
max-path-return_agent_0     50
max-path-return_agent_1     50
mean-episode_cost_agent_0    0
mean-episode_cost_agent_1    0
mean-path-return_agent_0    16.6667
mean-path-return_agent_1     3.33333
total-samples              220
-------------------------  ---------
-------------------------  ---
episode_reward              79
episodes                    79
last-path-return_agent_0    50
last-path-return_agent_1    10
max-path-return_agent_0     50
max-path-return_agent_1     50
mean-episode_cost_agent_0    0
mean-episode_cost_agent_1    5
mean-path-return_agent_0    25
mean-path-return_agent_1     5
total-samples              222
-------------------------  ---
-------------------------  ---------
episode_reward              80
episodes                    80
last-path-return_agent_0    50
last-path-return_agent_1    10
max-path-return_agent_0     50
max-path-return_agent_1     50
mean-episode_cost_agent_0    0
mean-episode_cost_agent_1    0
mean-path-return_agent_0    16.6667
mean-path-return_agent_1     3.33333
total-samples              225
-------------------------  ---------
-------------------------  ---------
episode_reward              81
episodes                    81
last-path-return_agent_0    50
last-path-return_agent_1    10
max-path-return_agent_0     50
max-path-return_agent_1     50
mean-episode_cost_agent_0    0
mean-episode_cost_agent_1    0
mean-path-return_agent_0    16.6667
mean-path-return_agent_1     3.33333
total-samples              228
-------------------------  ---------
-------------------------  ---------
episode_reward              82
episodes                    82
last-path-return_agent_0    50
last-path-return_agent_1    10
max-path-return_agent_0     50
max-path-return_agent_1     50
mean-episode_cost_agent_0    0
mean-episode_cost_agent_1    0
mean-path-return_agent_0    16.6667
mean-path-return_agent_1     3.33333
total-samples              231
-------------------------  ---------
-------------------------  ---------
episode_reward              83
episodes                    83
last-path-return_agent_0    50
last-path-return_agent_1    10
max-path-return_agent_0     50
max-path-return_agent_1     50
mean-episode_cost_agent_0    0
mean-episode_cost_agent_1    0
mean-path-return_agent_0    16.6667
mean-path-return_agent_1     3.33333
total-samples              234
-------------------------  ---------
-------------------------  ---------
episode_reward              84
episodes                    84
last-path-return_agent_0    50
last-path-return_agent_1    10
max-path-return_agent_0     50
max-path-return_agent_1     50
mean-episode_cost_agent_0    0
mean-episode_cost_agent_1    0
mean-path-return_agent_0    16.6667
mean-path-return_agent_1     3.33333
total-samples              237
-------------------------  ---------
-------------------------  ---------
episode_reward              85
episodes                    85
last-path-return_agent_0    -5
last-path-return_agent_1    -5
max-path-return_agent_0     50
max-path-return_agent_1     50
mean-episode_cost_agent_0   16.6667
mean-episode_cost_agent_1   16.6667
mean-path-return_agent_0    -1.66667
mean-path-return_agent_1    -1.66667
total-samples              240
-------------------------  ---------
-------------------------  ---------
episode_reward              86
episodes                    86
last-path-return_agent_0    -5
last-path-return_agent_1    -5
max-path-return_agent_0     50
max-path-return_agent_1     50
mean-episode_cost_agent_0   16.6667
mean-episode_cost_agent_1   16.6667
mean-path-return_agent_0    -1.66667
mean-path-return_agent_1    -1.66667
total-samples              243
-------------------------  ---------
-------------------------  ---------
episode_reward              87
episodes                    87
last-path-return_agent_0    50
last-path-return_agent_1    10
max-path-return_agent_0     50
max-path-return_agent_1     50
mean-episode_cost_agent_0    0
mean-episode_cost_agent_1    0
mean-path-return_agent_0    16.6667
mean-path-return_agent_1     3.33333
total-samples              246
-------------------------  ---------
-------------------------  ---
episode_reward              88
episodes                    88
last-path-return_agent_0   -10
last-path-return_agent_1   -10
max-path-return_agent_0     50
max-path-return_agent_1     50
mean-episode_cost_agent_0   25
mean-episode_cost_agent_1   25
mean-path-return_agent_0    -5
mean-path-return_agent_1    -5
total-samples              248
-------------------------  ---
-------------------------  -----
episode_reward              89
episodes                    89
last-path-return_agent_0    -5
last-path-return_agent_1    -5
max-path-return_agent_0     50
max-path-return_agent_1     50
mean-episode_cost_agent_0   25
mean-episode_cost_agent_1   25
mean-path-return_agent_0    -2.5
mean-path-return_agent_1    -2.5
total-samples              250
-------------------------  -----
-------------------------  ---------
episode_reward              90
episodes                    90
last-path-return_agent_0    50
last-path-return_agent_1    10
max-path-return_agent_0     50
max-path-return_agent_1     50
mean-episode_cost_agent_0    0
mean-episode_cost_agent_1    6.66667
mean-path-return_agent_0    16.6667
mean-path-return_agent_1     3.33333
total-samples              253
-------------------------  ---------
-------------------------  ---------
episode_reward              91
episodes                    91
last-path-return_agent_0    50
last-path-return_agent_1    10
max-path-return_agent_0     50
max-path-return_agent_1     50
mean-episode_cost_agent_0    0
mean-episode_cost_agent_1    0
mean-path-return_agent_0    16.6667
mean-path-return_agent_1     3.33333
total-samples              256
-------------------------  ---------
-------------------------  ---------
episode_reward              92
episodes                    92
last-path-return_agent_0    -5
last-path-return_agent_1    -5
max-path-return_agent_0     50
max-path-return_agent_1     50
mean-episode_cost_agent_0   16.6667
mean-episode_cost_agent_1   16.6667
mean-path-return_agent_0    -1.66667
mean-path-return_agent_1    -1.66667
total-samples              259
-------------------------  ---------
-------------------------  ---------
episode_reward              93
episodes                    93
last-path-return_agent_0    50
last-path-return_agent_1    10
max-path-return_agent_0     50
max-path-return_agent_1     50
mean-episode_cost_agent_0    0
mean-episode_cost_agent_1    0
mean-path-return_agent_0    16.6667
mean-path-return_agent_1     3.33333
total-samples              262
-------------------------  ---------
-------------------------  ---------
episode_reward              94
episodes                    94
last-path-return_agent_0    50
last-path-return_agent_1    10
max-path-return_agent_0     50
max-path-return_agent_1     50
mean-episode_cost_agent_0    0
mean-episode_cost_agent_1    0
mean-path-return_agent_0    16.6667
mean-path-return_agent_1     3.33333
total-samples              265
-------------------------  ---------
-------------------------  ---
episode_reward              95
episodes                    95
last-path-return_agent_0    50
last-path-return_agent_1    10
max-path-return_agent_0     50
max-path-return_agent_1     50
mean-episode_cost_agent_0    0
mean-episode_cost_agent_1    0
mean-path-return_agent_0    25
mean-path-return_agent_1     5
total-samples              267
-------------------------  ---
-------------------------  ---------
episode_reward              96
episodes                    96
last-path-return_agent_0    10
last-path-return_agent_1    50
max-path-return_agent_0     50
max-path-return_agent_1     50
mean-episode_cost_agent_0    3.33333
mean-episode_cost_agent_1    0
mean-path-return_agent_0     3.33333
mean-path-return_agent_1    16.6667
total-samples              270
-------------------------  ---------
-------------------------  ---------
episode_reward              97
episodes                    97
last-path-return_agent_0    50
last-path-return_agent_1    10
max-path-return_agent_0     50
max-path-return_agent_1     50
mean-episode_cost_agent_0    0
mean-episode_cost_agent_1    0
mean-path-return_agent_0    16.6667
mean-path-return_agent_1     3.33333
total-samples              273
-------------------------  ---------
-------------------------  ---------
episode_reward              98
episodes                    98
last-path-return_agent_0    50
last-path-return_agent_1    10
max-path-return_agent_0     50
max-path-return_agent_1     50
mean-episode_cost_agent_0    0
mean-episode_cost_agent_1    0
mean-path-return_agent_0    16.6667
mean-path-return_agent_1     3.33333
total-samples              276
-------------------------  ---------
-------------------------  ---------
episode_reward              99
episodes                    99
last-path-return_agent_0    50
last-path-return_agent_1    10
max-path-return_agent_0     50
max-path-return_agent_1     50
mean-episode_cost_agent_0    0
mean-episode_cost_agent_1    0
mean-path-return_agent_0    16.6667
mean-path-return_agent_1     3.33333
total-samples              279
-------------------------  ---------
-------------------------  ---------
episode_reward             100
episodes                   100
last-path-return_agent_0    10
last-path-return_agent_1    50
max-path-return_agent_0     50
max-path-return_agent_1     50
mean-episode_cost_agent_0    0
mean-episode_cost_agent_1    0
mean-path-return_agent_0     3.33333
mean-path-return_agent_1    16.6667
total-samples              282
-------------------------  ---------
-------------------------  -----
episode_reward             101
episodes                   101
last-path-return_agent_0    -5
last-path-return_agent_1    -5
max-path-return_agent_0     50
max-path-return_agent_1     50
mean-episode_cost_agent_0   25
mean-episode_cost_agent_1   25
mean-path-return_agent_0    -2.5
mean-path-return_agent_1    -2.5
total-samples              284
-------------------------  -----
-------------------------  ---------
episode_reward             102
episodes                   102
last-path-return_agent_0    10
last-path-return_agent_1    50
max-path-return_agent_0     50
max-path-return_agent_1     50
mean-episode_cost_agent_0    6.66667
mean-episode_cost_agent_1    0
mean-path-return_agent_0     3.33333
mean-path-return_agent_1    16.6667
total-samples              287
-------------------------  ---------
-------------------------  ---------
episode_reward             103
episodes                   103
last-path-return_agent_0    50
last-path-return_agent_1    10
max-path-return_agent_0     50
max-path-return_agent_1     50
mean-episode_cost_agent_0    0
mean-episode_cost_agent_1    3.33333
mean-path-return_agent_0    16.6667
mean-path-return_agent_1     3.33333
total-samples              290
-------------------------  ---------
-------------------------  ---------
episode_reward             104
episodes                   104
last-path-return_agent_0    50
last-path-return_agent_1    10
max-path-return_agent_0     50
max-path-return_agent_1     50
mean-episode_cost_agent_0    0
mean-episode_cost_agent_1    0
mean-path-return_agent_0    16.6667
mean-path-return_agent_1     3.33333
total-samples              293
-------------------------  ---------
-------------------------  ---------
episode_reward             105
episodes                   105
last-path-return_agent_0    -5
last-path-return_agent_1    -5
max-path-return_agent_0     50
max-path-return_agent_1     50
mean-episode_cost_agent_0   16.6667
mean-episode_cost_agent_1   16.6667
mean-path-return_agent_0    -1.66667
mean-path-return_agent_1    -1.66667
total-samples              296
-------------------------  ---------
-------------------------  ---
episode_reward             106
episodes                   106
last-path-return_agent_0    50
last-path-return_agent_1    10
max-path-return_agent_0     50
max-path-return_agent_1     50
mean-episode_cost_agent_0    0
mean-episode_cost_agent_1    0
mean-path-return_agent_0    25
mean-path-return_agent_1     5
total-samples              298
-------------------------  ---
-------------------------  -----
episode_reward             107
episodes                   107
last-path-return_agent_0    -5
last-path-return_agent_1    -5
max-path-return_agent_0     50
max-path-return_agent_1     50
mean-episode_cost_agent_0   25
mean-episode_cost_agent_1   25
mean-path-return_agent_0    -2.5
mean-path-return_agent_1    -2.5
total-samples              300
-------------------------  -----
-------------------------  -----
episode_reward             108
episodes                   108
last-path-return_agent_0    -5
last-path-return_agent_1    -5
max-path-return_agent_0     50
max-path-return_agent_1     50
mean-episode_cost_agent_0   25
mean-episode_cost_agent_1   25
mean-path-return_agent_0    -2.5
mean-path-return_agent_1    -2.5
total-samples              302
-------------------------  -----
-------------------------  ---------
episode_reward             109
episodes                   109
last-path-return_agent_0    50
last-path-return_agent_1    10
max-path-return_agent_0     50
max-path-return_agent_1     50
mean-episode_cost_agent_0    0
mean-episode_cost_agent_1    6.66667
mean-path-return_agent_0    16.6667
mean-path-return_agent_1     3.33333
total-samples              305
-------------------------  ---------
-------------------------  ---------
episode_reward             110
episodes                   110
last-path-return_agent_0    10
last-path-return_agent_1    50
max-path-return_agent_0     50
max-path-return_agent_1     50
mean-episode_cost_agent_0    0
mean-episode_cost_agent_1    0
mean-path-return_agent_0     3.33333
mean-path-return_agent_1    16.6667
total-samples              308
-------------------------  ---------
-------------------------  ---------
episode_reward             111
episodes                   111
last-path-return_agent_0    50
last-path-return_agent_1    10
max-path-return_agent_0     50
max-path-return_agent_1     50
mean-episode_cost_agent_0    0
mean-episode_cost_agent_1    0
mean-path-return_agent_0    16.6667
mean-path-return_agent_1     3.33333
total-samples              311
-------------------------  ---------
-------------------------  ---------
episode_reward             112
episodes                   112
last-path-return_agent_0    50
last-path-return_agent_1    10
max-path-return_agent_0     50
max-path-return_agent_1     50
mean-episode_cost_agent_0    0
mean-episode_cost_agent_1    0
mean-path-return_agent_0    16.6667
mean-path-return_agent_1     3.33333
total-samples              314
-------------------------  ---------
-------------------------  ---------
episode_reward             113
episodes                   113
last-path-return_agent_0    50
last-path-return_agent_1    10
max-path-return_agent_0     50
max-path-return_agent_1     50
mean-episode_cost_agent_0    0
mean-episode_cost_agent_1    0
mean-path-return_agent_0    16.6667
mean-path-return_agent_1     3.33333
total-samples              317
-------------------------  ---------
-------------------------  ---------
episode_reward             114
episodes                   114
last-path-return_agent_0    10
last-path-return_agent_1    50
max-path-return_agent_0     50
max-path-return_agent_1     50
mean-episode_cost_agent_0    0
mean-episode_cost_agent_1    0
mean-path-return_agent_0     3.33333
mean-path-return_agent_1    16.6667
total-samples              320
-------------------------  ---------
-------------------------  ---------
episode_reward             115
episodes                   115
last-path-return_agent_0    50
last-path-return_agent_1    10
max-path-return_agent_0     50
max-path-return_agent_1     50
mean-episode_cost_agent_0    0
mean-episode_cost_agent_1    0
mean-path-return_agent_0    16.6667
mean-path-return_agent_1     3.33333
total-samples              323
-------------------------  ---------
-------------------------  ---------
episode_reward             116
episodes                   116
last-path-return_agent_0    -5
last-path-return_agent_1    -5
max-path-return_agent_0     50
max-path-return_agent_1     50
mean-episode_cost_agent_0   16.6667
mean-episode_cost_agent_1   16.6667
mean-path-return_agent_0    -1.66667
mean-path-return_agent_1    -1.66667
total-samples              326
-------------------------  ---------
-------------------------  ---------
episode_reward             117
episodes                   117
last-path-return_agent_0    50
last-path-return_agent_1    10
max-path-return_agent_0     50
max-path-return_agent_1     50
mean-episode_cost_agent_0    0
mean-episode_cost_agent_1    0
mean-path-return_agent_0    16.6667
mean-path-return_agent_1     3.33333
total-samples              329
-------------------------  ---------
-------------------------  ---------
episode_reward             118
episodes                   118
last-path-return_agent_0    50
last-path-return_agent_1    10
max-path-return_agent_0     50
max-path-return_agent_1     50
mean-episode_cost_agent_0    0
mean-episode_cost_agent_1    3.33333
mean-path-return_agent_0    16.6667
mean-path-return_agent_1     3.33333
total-samples              332
-------------------------  ---------
-------------------------  ---------
episode_reward             119
episodes                   119
last-path-return_agent_0    10
last-path-return_agent_1    50
max-path-return_agent_0     50
max-path-return_agent_1     50
mean-episode_cost_agent_0    0
mean-episode_cost_agent_1    0
mean-path-return_agent_0     3.33333
mean-path-return_agent_1    16.6667
total-samples              335
-------------------------  ---------
-------------------------  ---------
episode_reward             120
episodes                   120
last-path-return_agent_0    10
last-path-return_agent_1    50
max-path-return_agent_0     50
max-path-return_agent_1     50
mean-episode_cost_agent_0    0
mean-episode_cost_agent_1    0
mean-path-return_agent_0     3.33333
mean-path-return_agent_1    16.6667
total-samples              338
-------------------------  ---------
-------------------------  -----
episode_reward             121
episodes                   121
last-path-return_agent_0    -5
last-path-return_agent_1    -5
max-path-return_agent_0     50
max-path-return_agent_1     50
mean-episode_cost_agent_0   25
mean-episode_cost_agent_1   25
mean-path-return_agent_0    -2.5
mean-path-return_agent_1    -2.5
total-samples              340
-------------------------  -----
-------------------------  ---------
episode_reward             122
episodes                   122
last-path-return_agent_0    50
last-path-return_agent_1    10
max-path-return_agent_0     50
max-path-return_agent_1     50
mean-episode_cost_agent_0    0
mean-episode_cost_agent_1    0
mean-path-return_agent_0    16.6667
mean-path-return_agent_1     3.33333
total-samples              343
-------------------------  ---------
-------------------------  ---
episode_reward             123
episodes                   123
last-path-return_agent_0    50
last-path-return_agent_1    10
max-path-return_agent_0     50
max-path-return_agent_1     50
mean-episode_cost_agent_0    0
mean-episode_cost_agent_1    0
mean-path-return_agent_0    25
mean-path-return_agent_1     5
total-samples              345
-------------------------  ---
-------------------------  ---------
episode_reward             124
episodes                   124
last-path-return_agent_0    -5
last-path-return_agent_1    -5
max-path-return_agent_0     50
max-path-return_agent_1     50
mean-episode_cost_agent_0   16.6667
mean-episode_cost_agent_1   16.6667
mean-path-return_agent_0    -1.66667
mean-path-return_agent_1    -1.66667
total-samples              348
-------------------------  ---------
-------------------------  ---
episode_reward             125
episodes                   125
last-path-return_agent_0    50
last-path-return_agent_1    10
max-path-return_agent_0     50
max-path-return_agent_1     50
mean-episode_cost_agent_0    0
mean-episode_cost_agent_1    0
mean-path-return_agent_0    25
mean-path-return_agent_1     5
total-samples              350
-------------------------  ---
-------------------------  ---------
episode_reward             126
episodes                   126
last-path-return_agent_0    10
last-path-return_agent_1    50
max-path-return_agent_0     50
max-path-return_agent_1     50
mean-episode_cost_agent_0    0
mean-episode_cost_agent_1    0
mean-path-return_agent_0     3.33333
mean-path-return_agent_1    16.6667
total-samples              353
-------------------------  ---------
-------------------------  ---------
episode_reward             127
episodes                   127
last-path-return_agent_0    10
last-path-return_agent_1    50
max-path-return_agent_0     50
max-path-return_agent_1     50
mean-episode_cost_agent_0    0
mean-episode_cost_agent_1    0
mean-path-return_agent_0     3.33333
mean-path-return_agent_1    16.6667
total-samples              356
-------------------------  ---------
-------------------------  ---------
episode_reward             128
episodes                   128
last-path-return_agent_0    10
last-path-return_agent_1    50
max-path-return_agent_0     50
max-path-return_agent_1     50
mean-episode_cost_agent_0    0
mean-episode_cost_agent_1    0
mean-path-return_agent_0     3.33333
mean-path-return_agent_1    16.6667
total-samples              359
-------------------------  ---------
-------------------------  ---------
episode_reward             129
episodes                   129
last-path-return_agent_0    10
last-path-return_agent_1    50
max-path-return_agent_0     50
max-path-return_agent_1     50
mean-episode_cost_agent_0    0
mean-episode_cost_agent_1    0
mean-path-return_agent_0     3.33333
mean-path-return_agent_1    16.6667
total-samples              362
-------------------------  ---------
-------------------------  ---------
episode_reward             130
episodes                   130
last-path-return_agent_0    10
last-path-return_agent_1    50
max-path-return_agent_0     50
max-path-return_agent_1     50
mean-episode_cost_agent_0    3.33333
mean-episode_cost_agent_1    0
mean-path-return_agent_0     3.33333
mean-path-return_agent_1    16.6667
total-samples              365
-------------------------  ---------
-------------------------  ---------
episode_reward             131
episodes                   131
last-path-return_agent_0    10
last-path-return_agent_1    50
max-path-return_agent_0     50
max-path-return_agent_1     50
mean-episode_cost_agent_0    0
mean-episode_cost_agent_1    0
mean-path-return_agent_0     3.33333
mean-path-return_agent_1    16.6667
total-samples              368
-------------------------  ---------
-------------------------  ---------
episode_reward             132
episodes                   132
last-path-return_agent_0    10
last-path-return_agent_1    50
max-path-return_agent_0     50
max-path-return_agent_1     50
mean-episode_cost_agent_0    3.33333
mean-episode_cost_agent_1    0
mean-path-return_agent_0     3.33333
mean-path-return_agent_1    16.6667
total-samples              371
-------------------------  ---------
-------------------------  ---------
episode_reward             133
episodes                   133
last-path-return_agent_0    50
last-path-return_agent_1    10
max-path-return_agent_0     50
max-path-return_agent_1     50
mean-episode_cost_agent_0    0
mean-episode_cost_agent_1    0
mean-path-return_agent_0    16.6667
mean-path-return_agent_1     3.33333
total-samples              374
-------------------------  ---------
-------------------------  ---------
episode_reward             134
episodes                   134
last-path-return_agent_0    -5
last-path-return_agent_1    -5
max-path-return_agent_0     50
max-path-return_agent_1     50
mean-episode_cost_agent_0   16.6667
mean-episode_cost_agent_1   16.6667
mean-path-return_agent_0    -1.66667
mean-path-return_agent_1    -1.66667
total-samples              377
-------------------------  ---------
-------------------------  ---------
episode_reward             135
episodes                   135
last-path-return_agent_0    10
last-path-return_agent_1    50
max-path-return_agent_0     50
max-path-return_agent_1     50
mean-episode_cost_agent_0    6.66667
mean-episode_cost_agent_1    0
mean-path-return_agent_0     3.33333
mean-path-return_agent_1    16.6667
total-samples              380
-------------------------  ---------
-------------------------  ---------
episode_reward             136
episodes                   136
last-path-return_agent_0    50
last-path-return_agent_1    10
max-path-return_agent_0     50
max-path-return_agent_1     50
mean-episode_cost_agent_0    0
mean-episode_cost_agent_1    0
mean-path-return_agent_0    16.6667
mean-path-return_agent_1     3.33333
total-samples              383
-------------------------  ---------
-------------------------  ---------
episode_reward             137
episodes                   137
last-path-return_agent_0    50
last-path-return_agent_1    10
max-path-return_agent_0     50
max-path-return_agent_1     50
mean-episode_cost_agent_0    0
mean-episode_cost_agent_1    6.66667
mean-path-return_agent_0    16.6667
mean-path-return_agent_1     3.33333
total-samples              386
-------------------------  ---------
-------------------------  ---------
episode_reward             138
episodes                   138
last-path-return_agent_0    -5
last-path-return_agent_1    -5
max-path-return_agent_0     50
max-path-return_agent_1     50
mean-episode_cost_agent_0   20
mean-episode_cost_agent_1   20
mean-path-return_agent_0    -1.66667
mean-path-return_agent_1    -1.66667
total-samples              389
-------------------------  ---------
-------------------------  ---
episode_reward             139
episodes                   139
last-path-return_agent_0   -10
last-path-return_agent_1   -10
max-path-return_agent_0     50
max-path-return_agent_1     50
mean-episode_cost_agent_0   25
mean-episode_cost_agent_1   25
mean-path-return_agent_0    -5
mean-path-return_agent_1    -5
total-samples              391
-------------------------  ---
-------------------------  ---------
episode_reward             140
episodes                   140
last-path-return_agent_0    50
last-path-return_agent_1    10
max-path-return_agent_0     50
max-path-return_agent_1     50
mean-episode_cost_agent_0    0
mean-episode_cost_agent_1    0
mean-path-return_agent_0    16.6667
mean-path-return_agent_1     3.33333
total-samples              394
-------------------------  ---------
-------------------------  ---------
episode_reward             141
episodes                   141
last-path-return_agent_0    50
last-path-return_agent_1    10
max-path-return_agent_0     50
max-path-return_agent_1     50
mean-episode_cost_agent_0    0
mean-episode_cost_agent_1    0
mean-path-return_agent_0    16.6667
mean-path-return_agent_1     3.33333
total-samples              397
-------------------------  ---------
-------------------------  -----
episode_reward             142
episodes                   142
last-path-return_agent_0    -5
last-path-return_agent_1    -5
max-path-return_agent_0     50
max-path-return_agent_1     50
mean-episode_cost_agent_0   25
mean-episode_cost_agent_1   25
mean-path-return_agent_0    -2.5
mean-path-return_agent_1    -2.5
total-samples              399
-------------------------  -----
-------------------------  ---------
episode_reward             143
episodes                   143
last-path-return_agent_0    10
last-path-return_agent_1    50
max-path-return_agent_0     50
max-path-return_agent_1     50
mean-episode_cost_agent_0    0
mean-episode_cost_agent_1    0
mean-path-return_agent_0     3.33333
mean-path-return_agent_1    16.6667
total-samples              402
-------------------------  ---------
-------------------------  ---------
episode_reward             144
episodes                   144
last-path-return_agent_0    10
last-path-return_agent_1    50
max-path-return_agent_0     50
max-path-return_agent_1     50
mean-episode_cost_agent_0    6.66667
mean-episode_cost_agent_1    0
mean-path-return_agent_0     3.33333
mean-path-return_agent_1    16.6667
total-samples              405
-------------------------  ---------
-------------------------  ---------
episode_reward             145
episodes                   145
last-path-return_agent_0    50
last-path-return_agent_1    10
max-path-return_agent_0     50
max-path-return_agent_1     50
mean-episode_cost_agent_0    0
mean-episode_cost_agent_1    0
mean-path-return_agent_0    16.6667
mean-path-return_agent_1     3.33333
total-samples              408
-------------------------  ---------
-------------------------  ---------
episode_reward             146
episodes                   146
last-path-return_agent_0    50
last-path-return_agent_1    10
max-path-return_agent_0     50
max-path-return_agent_1     50
mean-episode_cost_agent_0    0
mean-episode_cost_agent_1    0
mean-path-return_agent_0    16.6667
mean-path-return_agent_1     3.33333
total-samples              411
-------------------------  ---------
-------------------------  ---------
episode_reward             147
episodes                   147
last-path-return_agent_0    10
last-path-return_agent_1    50
max-path-return_agent_0     50
max-path-return_agent_1     50
mean-episode_cost_agent_0    0
mean-episode_cost_agent_1    0
mean-path-return_agent_0     3.33333
mean-path-return_agent_1    16.6667
total-samples              414
-------------------------  ---------
-------------------------  -----
episode_reward             148
episodes                   148
last-path-return_agent_0    -5
last-path-return_agent_1    -5
max-path-return_agent_0     50
max-path-return_agent_1     50
mean-episode_cost_agent_0   25
mean-episode_cost_agent_1   25
mean-path-return_agent_0    -2.5
mean-path-return_agent_1    -2.5
total-samples              416
-------------------------  -----
-------------------------  ---
episode_reward             149
episodes                   149
last-path-return_agent_0    10
last-path-return_agent_1    50
max-path-return_agent_0     50
max-path-return_agent_1     50
mean-episode_cost_agent_0    5
mean-episode_cost_agent_1    0
mean-path-return_agent_0     5
mean-path-return_agent_1    25
total-samples              418
-------------------------  ---
-------------------------  ---------
episode_reward             150
episodes                   150
last-path-return_agent_0    50
last-path-return_agent_1    10
max-path-return_agent_0     50
max-path-return_agent_1     50
mean-episode_cost_agent_0    0
mean-episode_cost_agent_1    0
mean-path-return_agent_0    16.6667
mean-path-return_agent_1     3.33333
total-samples              421
-------------------------  ---------
-------------------------  ---------
episode_reward             151
episodes                   151
last-path-return_agent_0    10
last-path-return_agent_1    50
max-path-return_agent_0     50
max-path-return_agent_1     50
mean-episode_cost_agent_0    6.66667
mean-episode_cost_agent_1    0
mean-path-return_agent_0     3.33333
mean-path-return_agent_1    16.6667
total-samples              424
-------------------------  ---------
-------------------------  ---------
episode_reward             152
episodes                   152
last-path-return_agent_0    50
last-path-return_agent_1    10
max-path-return_agent_0     50
max-path-return_agent_1     50
mean-episode_cost_agent_0    0
mean-episode_cost_agent_1    0
mean-path-return_agent_0    16.6667
mean-path-return_agent_1     3.33333
total-samples              427
-------------------------  ---------
-------------------------  ---------
episode_reward             153
episodes                   153
last-path-return_agent_0    10
last-path-return_agent_1    50
max-path-return_agent_0     50
max-path-return_agent_1     50
mean-episode_cost_agent_0    6.66667
mean-episode_cost_agent_1    0
mean-path-return_agent_0     3.33333
mean-path-return_agent_1    16.6667
total-samples              430
-------------------------  ---------
-------------------------  ---------
episode_reward             154
episodes                   154
last-path-return_agent_0    50
last-path-return_agent_1    10
max-path-return_agent_0     50
max-path-return_agent_1     50
mean-episode_cost_agent_0    0
mean-episode_cost_agent_1    0
mean-path-return_agent_0    16.6667
mean-path-return_agent_1     3.33333
total-samples              433
-------------------------  ---------
-------------------------  ---------
episode_reward             155
episodes                   155
last-path-return_agent_0    50
last-path-return_agent_1    10
max-path-return_agent_0     50
max-path-return_agent_1     50
mean-episode_cost_agent_0    0
mean-episode_cost_agent_1    0
mean-path-return_agent_0    16.6667
mean-path-return_agent_1     3.33333
total-samples              436
-------------------------  ---------
-------------------------  ---------
episode_reward             156
episodes                   156
last-path-return_agent_0    10
last-path-return_agent_1    50
max-path-return_agent_0     50
max-path-return_agent_1     50
mean-episode_cost_agent_0    6.66667
mean-episode_cost_agent_1    0
mean-path-return_agent_0     3.33333
mean-path-return_agent_1    16.6667
total-samples              439
-------------------------  ---------
-------------------------  ---------
episode_reward             157
episodes                   157
last-path-return_agent_0    50
last-path-return_agent_1    10
max-path-return_agent_0     50
max-path-return_agent_1     50
mean-episode_cost_agent_0    0
mean-episode_cost_agent_1    6.66667
mean-path-return_agent_0    16.6667
mean-path-return_agent_1     3.33333
total-samples              442
-------------------------  ---------
-------------------------  ---------
episode_reward             158
episodes                   158
last-path-return_agent_0    50
last-path-return_agent_1    10
max-path-return_agent_0     50
max-path-return_agent_1     50
mean-episode_cost_agent_0    0
mean-episode_cost_agent_1    0
mean-path-return_agent_0    16.6667
mean-path-return_agent_1     3.33333
total-samples              445
-------------------------  ---------
-------------------------  ---------
episode_reward             159
episodes                   159
last-path-return_agent_0    50
last-path-return_agent_1    10
max-path-return_agent_0     50
max-path-return_agent_1     50
mean-episode_cost_agent_0    0
mean-episode_cost_agent_1    0
mean-path-return_agent_0    16.6667
mean-path-return_agent_1     3.33333
total-samples              448
-------------------------  ---------
-------------------------  ---------
episode_reward             160
episodes                   160
last-path-return_agent_0    -5
last-path-return_agent_1    -5
max-path-return_agent_0     50
max-path-return_agent_1     50
mean-episode_cost_agent_0   16.6667
mean-episode_cost_agent_1   16.6667
mean-path-return_agent_0    -1.66667
mean-path-return_agent_1    -1.66667
total-samples              451
-------------------------  ---------
-------------------------  ---
episode_reward             161
episodes                   161
last-path-return_agent_0   -10
last-path-return_agent_1   -10
max-path-return_agent_0     50
max-path-return_agent_1     50
mean-episode_cost_agent_0   25
mean-episode_cost_agent_1   25
mean-path-return_agent_0    -5
mean-path-return_agent_1    -5
total-samples              453
-------------------------  ---
-------------------------  ---------
episode_reward             162
episodes                   162
last-path-return_agent_0    10
last-path-return_agent_1    50
max-path-return_agent_0     50
max-path-return_agent_1     50
mean-episode_cost_agent_0    0
mean-episode_cost_agent_1    0
mean-path-return_agent_0     3.33333
mean-path-return_agent_1    16.6667
total-samples              456
-------------------------  ---------
-------------------------  ---------
episode_reward             163
episodes                   163
last-path-return_agent_0    10
last-path-return_agent_1    50
max-path-return_agent_0     50
max-path-return_agent_1     50
mean-episode_cost_agent_0    0
mean-episode_cost_agent_1    0
mean-path-return_agent_0     3.33333
mean-path-return_agent_1    16.6667
total-samples              459
-------------------------  ---------
-------------------------  ---------
episode_reward             164
episodes                   164
last-path-return_agent_0    -5
last-path-return_agent_1    -5
max-path-return_agent_0     50
max-path-return_agent_1     50
mean-episode_cost_agent_0   20
mean-episode_cost_agent_1   20
mean-path-return_agent_0    -1.66667
mean-path-return_agent_1    -1.66667
total-samples              462
-------------------------  ---------
-------------------------  -----
episode_reward             165
episodes                   165
last-path-return_agent_0    -5
last-path-return_agent_1    -5
max-path-return_agent_0     50
max-path-return_agent_1     50
mean-episode_cost_agent_0   25
mean-episode_cost_agent_1   25
mean-path-return_agent_0    -2.5
mean-path-return_agent_1    -2.5
total-samples              464
-------------------------  -----
-------------------------  ---------
episode_reward             166
episodes                   166
last-path-return_agent_0    10
last-path-return_agent_1    50
max-path-return_agent_0     50
max-path-return_agent_1     50
mean-episode_cost_agent_0    0
mean-episode_cost_agent_1    0
mean-path-return_agent_0     3.33333
mean-path-return_agent_1    16.6667
total-samples              467
-------------------------  ---------
-------------------------  ---------
episode_reward             167
episodes                   167
last-path-return_agent_0    50
last-path-return_agent_1    10
max-path-return_agent_0     50
max-path-return_agent_1     50
mean-episode_cost_agent_0    0
mean-episode_cost_agent_1    3.33333
mean-path-return_agent_0    16.6667
mean-path-return_agent_1     3.33333
total-samples              470
-------------------------  ---------
-------------------------  ---------
episode_reward             168
episodes                   168
last-path-return_agent_0    -5
last-path-return_agent_1    -5
max-path-return_agent_0     50
max-path-return_agent_1     50
mean-episode_cost_agent_0   16.6667
mean-episode_cost_agent_1   16.6667
mean-path-return_agent_0    -1.66667
mean-path-return_agent_1    -1.66667
total-samples              473
-------------------------  ---------
-------------------------  ---------
episode_reward             169
episodes                   169
last-path-return_agent_0    10
last-path-return_agent_1    50
max-path-return_agent_0     50
max-path-return_agent_1     50
mean-episode_cost_agent_0    0
mean-episode_cost_agent_1    0
mean-path-return_agent_0     3.33333
mean-path-return_agent_1    16.6667
total-samples              476
-------------------------  ---------
-------------------------  ---------
episode_reward             170
episodes                   170
last-path-return_agent_0    -5
last-path-return_agent_1    -5
max-path-return_agent_0     50
max-path-return_agent_1     50
mean-episode_cost_agent_0   16.6667
mean-episode_cost_agent_1   16.6667
mean-path-return_agent_0    -1.66667
mean-path-return_agent_1    -1.66667
total-samples              479
-------------------------  ---------
-------------------------  ---------
episode_reward             171
episodes                   171
last-path-return_agent_0    10
last-path-return_agent_1    50
max-path-return_agent_0     50
max-path-return_agent_1     50
mean-episode_cost_agent_0    0
mean-episode_cost_agent_1    0
mean-path-return_agent_0     3.33333
mean-path-return_agent_1    16.6667
total-samples              482
-------------------------  ---------
-------------------------  ---------
episode_reward             172
episodes                   172
last-path-return_agent_0    10
last-path-return_agent_1    50
max-path-return_agent_0     50
max-path-return_agent_1     50
mean-episode_cost_agent_0    0
mean-episode_cost_agent_1    0
mean-path-return_agent_0     3.33333
mean-path-return_agent_1    16.6667
total-samples              485
-------------------------  ---------
-------------------------  ---
episode_reward             173
episodes                   173
last-path-return_agent_0    50
last-path-return_agent_1    10
max-path-return_agent_0     50
max-path-return_agent_1     50
mean-episode_cost_agent_0    0
mean-episode_cost_agent_1    0
mean-path-return_agent_0    25
mean-path-return_agent_1     5
total-samples              487
-------------------------  ---
-------------------------  ---
episode_reward             174
episodes                   174
last-path-return_agent_0   -10
last-path-return_agent_1   -10
max-path-return_agent_0     50
max-path-return_agent_1     50
mean-episode_cost_agent_0   25
mean-episode_cost_agent_1   25
mean-path-return_agent_0    -5
mean-path-return_agent_1    -5
total-samples              489
-------------------------  ---
-------------------------  ---------
episode_reward             175
episodes                   175
last-path-return_agent_0    50
last-path-return_agent_1    10
max-path-return_agent_0     50
max-path-return_agent_1     50
mean-episode_cost_agent_0    0
mean-episode_cost_agent_1    0
mean-path-return_agent_0    16.6667
mean-path-return_agent_1     3.33333
total-samples              492
-------------------------  ---------
-------------------------  ---------
episode_reward             176
episodes                   176
last-path-return_agent_0    10
last-path-return_agent_1    50
max-path-return_agent_0     50
max-path-return_agent_1     50
mean-episode_cost_agent_0    0
mean-episode_cost_agent_1    0
mean-path-return_agent_0     3.33333
mean-path-return_agent_1    16.6667
total-samples              495
-------------------------  ---------
-------------------------  ---
episode_reward             177
episodes                   177
last-path-return_agent_0   -10
last-path-return_agent_1   -10
max-path-return_agent_0     50
max-path-return_agent_1     50
mean-episode_cost_agent_0   25
mean-episode_cost_agent_1   25
mean-path-return_agent_0    -5
mean-path-return_agent_1    -5
total-samples              497
-------------------------  ---
-------------------------  ---------
episode_reward             178
episodes                   178
last-path-return_agent_0    -5
last-path-return_agent_1    -5
max-path-return_agent_0     50
max-path-return_agent_1     50
mean-episode_cost_agent_0   16.6667
mean-episode_cost_agent_1   16.6667
mean-path-return_agent_0    -1.66667
mean-path-return_agent_1    -1.66667
total-samples              500
-------------------------  ---------
