------------------------  ----
episode_reward             1
episodes                   1
last-path-return_agent_0  -5
last-path-return_agent_1  -5
max-path-return_agent_0   -5
max-path-return_agent_1   -5
mean-path-return_agent_0  -2.5
mean-path-return_agent_1  -2.5
total-samples              2
------------------------  ----
------------------------  --------
episode_reward             2
episodes                   2
last-path-return_agent_0  10
last-path-return_agent_1  50
max-path-return_agent_0   10
max-path-return_agent_1   50
mean-path-return_agent_0   3.33333
mean-path-return_agent_1  16.6667
total-samples              5
------------------------  --------
------------------------  --------
episode_reward             3
episodes                   3
last-path-return_agent_0  10
last-path-return_agent_1  50
max-path-return_agent_0   10
max-path-return_agent_1   50
mean-path-return_agent_0   3.33333
mean-path-return_agent_1  16.6667
total-samples              8
------------------------  --------
------------------------  --------
episode_reward             4
episodes                   4
last-path-return_agent_0  10
last-path-return_agent_1  50
max-path-return_agent_0   10
max-path-return_agent_1   50
mean-path-return_agent_0   3.33333
mean-path-return_agent_1  16.6667
total-samples             11
------------------------  --------
------------------------  --------
episode_reward             5
episodes                   5
last-path-return_agent_0  50
last-path-return_agent_1  10
max-path-return_agent_0   50
max-path-return_agent_1   50
mean-path-return_agent_0  16.6667
mean-path-return_agent_1   3.33333
total-samples             14
------------------------  --------
------------------------  --------
episode_reward             6
episodes                   6
last-path-return_agent_0  50
last-path-return_agent_1  10
max-path-return_agent_0   50
max-path-return_agent_1   50
mean-path-return_agent_0  16.6667
mean-path-return_agent_1   3.33333
total-samples             17
------------------------  --------
------------------------  --------
episode_reward             7
episodes                   7
last-path-return_agent_0  10
last-path-return_agent_1  50
max-path-return_agent_0   50
max-path-return_agent_1   50
mean-path-return_agent_0   3.33333
mean-path-return_agent_1  16.6667
total-samples             20
------------------------  --------
------------------------  --------
episode_reward             8
episodes                   8
last-path-return_agent_0  50
last-path-return_agent_1  10
max-path-return_agent_0   50
max-path-return_agent_1   50
mean-path-return_agent_0  16.6667
mean-path-return_agent_1   3.33333
total-samples             23
------------------------  --------
------------------------  --------
episode_reward             9
episodes                   9
last-path-return_agent_0  50
last-path-return_agent_1  10
max-path-return_agent_0   50
max-path-return_agent_1   50
mean-path-return_agent_0  16.6667
mean-path-return_agent_1   3.33333
total-samples             26
------------------------  --------
------------------------  ----
episode_reward            10
episodes                  10
last-path-return_agent_0  -5
last-path-return_agent_1  -5
max-path-return_agent_0   50
max-path-return_agent_1   50
mean-path-return_agent_0  -2.5
mean-path-return_agent_1  -2.5
total-samples             28
------------------------  ----
------------------------  --------
episode_reward            11
episodes                  11
last-path-return_agent_0  50
last-path-return_agent_1  10
max-path-return_agent_0   50
max-path-return_agent_1   50
mean-path-return_agent_0  16.6667
mean-path-return_agent_1   3.33333
total-samples             31
------------------------  --------
------------------------  --------
episode_reward            12
episodes                  12
last-path-return_agent_0  -5
last-path-return_agent_1  -5
max-path-return_agent_0   50
max-path-return_agent_1   50
mean-path-return_agent_0  -1.66667
mean-path-return_agent_1  -1.66667
total-samples             34
------------------------  --------
------------------------  --------
episode_reward            13
episodes                  13
last-path-return_agent_0  50
last-path-return_agent_1  10
max-path-return_agent_0   50
max-path-return_agent_1   50
mean-path-return_agent_0  16.6667
mean-path-return_agent_1   3.33333
total-samples             37
------------------------  --------
------------------------  --------
episode_reward            14
episodes                  14
last-path-return_agent_0  -5
last-path-return_agent_1  -5
max-path-return_agent_0   50
max-path-return_agent_1   50
mean-path-return_agent_0  -1.66667
mean-path-return_agent_1  -1.66667
total-samples             40
------------------------  --------
------------------------  --------
episode_reward            15
episodes                  15
last-path-return_agent_0  10
last-path-return_agent_1  50
max-path-return_agent_0   50
max-path-return_agent_1   50
mean-path-return_agent_0   3.33333
mean-path-return_agent_1  16.6667
total-samples             43
------------------------  --------
------------------------  --------
episode_reward            16
episodes                  16
last-path-return_agent_0  50
last-path-return_agent_1  10
max-path-return_agent_0   50
max-path-return_agent_1   50
mean-path-return_agent_0  16.6667
mean-path-return_agent_1   3.33333
total-samples             46
------------------------  --------
------------------------  --------
episode_reward            17
episodes                  17
last-path-return_agent_0  -5
last-path-return_agent_1  -5
max-path-return_agent_0   50
max-path-return_agent_1   50
mean-path-return_agent_0  -1.66667
mean-path-return_agent_1  -1.66667
total-samples             49
------------------------  --------
------------------------  --------
episode_reward            18
episodes                  18
last-path-return_agent_0  -5
last-path-return_agent_1  -5
max-path-return_agent_0   50
max-path-return_agent_1   50
mean-path-return_agent_0  -1.66667
mean-path-return_agent_1  -1.66667
total-samples             52
------------------------  --------
------------------------  --------
episode_reward            19
episodes                  19
last-path-return_agent_0  10
last-path-return_agent_1  50
max-path-return_agent_0   50
max-path-return_agent_1   50
mean-path-return_agent_0   3.33333
mean-path-return_agent_1  16.6667
total-samples             55
------------------------  --------
------------------------  --------
episode_reward            20
episodes                  20
last-path-return_agent_0  10
last-path-return_agent_1  50
max-path-return_agent_0   50
max-path-return_agent_1   50
mean-path-return_agent_0   3.33333
mean-path-return_agent_1  16.6667
total-samples             58
------------------------  --------
------------------------  --------
episode_reward            21
episodes                  21
last-path-return_agent_0  10
last-path-return_agent_1  50
max-path-return_agent_0   50
max-path-return_agent_1   50
mean-path-return_agent_0   3.33333
mean-path-return_agent_1  16.6667
total-samples             61
------------------------  --------
------------------------  --
episode_reward            22
episodes                  22
last-path-return_agent_0  50
last-path-return_agent_1  10
max-path-return_agent_0   50
max-path-return_agent_1   50
mean-path-return_agent_0  25
mean-path-return_agent_1   5
total-samples             63
------------------------  --
------------------------  --------
episode_reward            23
episodes                  23
last-path-return_agent_0  10
last-path-return_agent_1  50
max-path-return_agent_0   50
max-path-return_agent_1   50
mean-path-return_agent_0   3.33333
mean-path-return_agent_1  16.6667
total-samples             66
------------------------  --------
------------------------  --------
episode_reward            24
episodes                  24
last-path-return_agent_0  50
last-path-return_agent_1  10
max-path-return_agent_0   50
max-path-return_agent_1   50
mean-path-return_agent_0  16.6667
mean-path-return_agent_1   3.33333
total-samples             69
------------------------  --------
------------------------  --------
episode_reward            25
episodes                  25
last-path-return_agent_0  50
last-path-return_agent_1  10
max-path-return_agent_0   50
max-path-return_agent_1   50
mean-path-return_agent_0  16.6667
mean-path-return_agent_1   3.33333
total-samples             72
------------------------  --------
------------------------  --------
episode_reward            26
episodes                  26
last-path-return_agent_0  10
last-path-return_agent_1  50
max-path-return_agent_0   50
max-path-return_agent_1   50
mean-path-return_agent_0   3.33333
mean-path-return_agent_1  16.6667
total-samples             75
------------------------  --------
------------------------  --------
episode_reward            27
episodes                  27
last-path-return_agent_0  10
last-path-return_agent_1  50
max-path-return_agent_0   50
max-path-return_agent_1   50
mean-path-return_agent_0   3.33333
mean-path-return_agent_1  16.6667
total-samples             78
------------------------  --------
------------------------  --------
episode_reward            28
episodes                  28
last-path-return_agent_0  10
last-path-return_agent_1  50
max-path-return_agent_0   50
max-path-return_agent_1   50
mean-path-return_agent_0   3.33333
mean-path-return_agent_1  16.6667
total-samples             81
------------------------  --------
------------------------  --------
episode_reward            29
episodes                  29
last-path-return_agent_0  50
last-path-return_agent_1  10
max-path-return_agent_0   50
max-path-return_agent_1   50
mean-path-return_agent_0  16.6667
mean-path-return_agent_1   3.33333
total-samples             84
------------------------  --------
------------------------  ----
episode_reward            30
episodes                  30
last-path-return_agent_0  -5
last-path-return_agent_1  -5
max-path-return_agent_0   50
max-path-return_agent_1   50
mean-path-return_agent_0  -2.5
mean-path-return_agent_1  -2.5
total-samples             86
------------------------  ----
------------------------  --------
episode_reward            31
episodes                  31
last-path-return_agent_0  50
last-path-return_agent_1  10
max-path-return_agent_0   50
max-path-return_agent_1   50
mean-path-return_agent_0  16.6667
mean-path-return_agent_1   3.33333
total-samples             89
------------------------  --------
------------------------  --------
episode_reward            32
episodes                  32
last-path-return_agent_0  10
last-path-return_agent_1  50
max-path-return_agent_0   50
max-path-return_agent_1   50
mean-path-return_agent_0   3.33333
mean-path-return_agent_1  16.6667
total-samples             92
------------------------  --------
------------------------  --
episode_reward            33
episodes                  33
last-path-return_agent_0  50
last-path-return_agent_1  10
max-path-return_agent_0   50
max-path-return_agent_1   50
mean-path-return_agent_0  25
mean-path-return_agent_1   5
total-samples             94
------------------------  --
------------------------  --------
episode_reward            34
episodes                  34
last-path-return_agent_0  50
last-path-return_agent_1  10
max-path-return_agent_0   50
max-path-return_agent_1   50
mean-path-return_agent_0  16.6667
mean-path-return_agent_1   3.33333
total-samples             97
------------------------  --------
------------------------  ---------
episode_reward             35
episodes                   35
last-path-return_agent_0   50
last-path-return_agent_1   10
max-path-return_agent_0    50
max-path-return_agent_1    50
mean-path-return_agent_0   16.6667
mean-path-return_agent_1    3.33333
total-samples             100
------------------------  ---------
------------------------  ---------
episode_reward             36
episodes                   36
last-path-return_agent_0   50
last-path-return_agent_1   10
max-path-return_agent_0    50
max-path-return_agent_1    50
mean-path-return_agent_0   16.6667
mean-path-return_agent_1    3.33333
total-samples             103
------------------------  ---------
------------------------  ---------
episode_reward             37
episodes                   37
last-path-return_agent_0   50
last-path-return_agent_1   10
max-path-return_agent_0    50
max-path-return_agent_1    50
mean-path-return_agent_0   16.6667
mean-path-return_agent_1    3.33333
total-samples             106
------------------------  ---------
------------------------  ---------
episode_reward             38
episodes                   38
last-path-return_agent_0   -5
last-path-return_agent_1   -5
max-path-return_agent_0    50
max-path-return_agent_1    50
mean-path-return_agent_0   -1.66667
mean-path-return_agent_1   -1.66667
total-samples             109
------------------------  ---------
------------------------  ---------
episode_reward             39
episodes                   39
last-path-return_agent_0   10
last-path-return_agent_1   50
max-path-return_agent_0    50
max-path-return_agent_1    50
mean-path-return_agent_0    3.33333
mean-path-return_agent_1   16.6667
total-samples             112
------------------------  ---------
------------------------  ---------
episode_reward             40
episodes                   40
last-path-return_agent_0   -5
last-path-return_agent_1   -5
max-path-return_agent_0    50
max-path-return_agent_1    50
mean-path-return_agent_0   -1.66667
mean-path-return_agent_1   -1.66667
total-samples             115
------------------------  ---------
------------------------  ---------
episode_reward             41
episodes                   41
last-path-return_agent_0   50
last-path-return_agent_1   10
max-path-return_agent_0    50
max-path-return_agent_1    50
mean-path-return_agent_0   16.6667
mean-path-return_agent_1    3.33333
total-samples             118
------------------------  ---------
------------------------  ---------
episode_reward             42
episodes                   42
last-path-return_agent_0   -5
last-path-return_agent_1   -5
max-path-return_agent_0    50
max-path-return_agent_1    50
mean-path-return_agent_0   -1.66667
mean-path-return_agent_1   -1.66667
total-samples             121
------------------------  ---------
------------------------  ---------
episode_reward             43
episodes                   43
last-path-return_agent_0   10
last-path-return_agent_1   50
max-path-return_agent_0    50
max-path-return_agent_1    50
mean-path-return_agent_0    3.33333
mean-path-return_agent_1   16.6667
total-samples             124
------------------------  ---------
------------------------  ---------
episode_reward             44
episodes                   44
last-path-return_agent_0   -5
last-path-return_agent_1   -5
max-path-return_agent_0    50
max-path-return_agent_1    50
mean-path-return_agent_0   -1.66667
mean-path-return_agent_1   -1.66667
total-samples             127
------------------------  ---------
------------------------  ---------
episode_reward             45
episodes                   45
last-path-return_agent_0   50
last-path-return_agent_1   10
max-path-return_agent_0    50
max-path-return_agent_1    50
mean-path-return_agent_0   16.6667
mean-path-return_agent_1    3.33333
total-samples             130
------------------------  ---------
------------------------  ---------
episode_reward             46
episodes                   46
last-path-return_agent_0   10
last-path-return_agent_1   50
max-path-return_agent_0    50
max-path-return_agent_1    50
mean-path-return_agent_0    3.33333
mean-path-return_agent_1   16.6667
total-samples             133
------------------------  ---------
------------------------  ---------
episode_reward             47
episodes                   47
last-path-return_agent_0   -5
last-path-return_agent_1   -5
max-path-return_agent_0    50
max-path-return_agent_1    50
mean-path-return_agent_0   -1.66667
mean-path-return_agent_1   -1.66667
total-samples             136
------------------------  ---------
------------------------  ---------
episode_reward             48
episodes                   48
last-path-return_agent_0   -5
last-path-return_agent_1   -5
max-path-return_agent_0    50
max-path-return_agent_1    50
mean-path-return_agent_0   -1.66667
mean-path-return_agent_1   -1.66667
total-samples             139
------------------------  ---------
------------------------  ---------
episode_reward             49
episodes                   49
last-path-return_agent_0   10
last-path-return_agent_1   50
max-path-return_agent_0    50
max-path-return_agent_1    50
mean-path-return_agent_0    3.33333
mean-path-return_agent_1   16.6667
total-samples             142
------------------------  ---------
------------------------  ---------
episode_reward             50
episodes                   50
last-path-return_agent_0   10
last-path-return_agent_1   50
max-path-return_agent_0    50
max-path-return_agent_1    50
mean-path-return_agent_0    3.33333
mean-path-return_agent_1   16.6667
total-samples             145
------------------------  ---------
------------------------  ---------
episode_reward             51
episodes                   51
last-path-return_agent_0   10
last-path-return_agent_1   50
max-path-return_agent_0    50
max-path-return_agent_1    50
mean-path-return_agent_0    3.33333
mean-path-return_agent_1   16.6667
total-samples             148
------------------------  ---------
------------------------  ---------
episode_reward             52
episodes                   52
last-path-return_agent_0   10
last-path-return_agent_1   50
max-path-return_agent_0    50
max-path-return_agent_1    50
mean-path-return_agent_0    3.33333
mean-path-return_agent_1   16.6667
total-samples             151
------------------------  ---------
------------------------  ---------
episode_reward             53
episodes                   53
last-path-return_agent_0   -5
last-path-return_agent_1   -5
max-path-return_agent_0    50
max-path-return_agent_1    50
mean-path-return_agent_0   -1.66667
mean-path-return_agent_1   -1.66667
total-samples             154
------------------------  ---------
------------------------  ---------
episode_reward             54
episodes                   54
last-path-return_agent_0   50
last-path-return_agent_1   10
max-path-return_agent_0    50
max-path-return_agent_1    50
mean-path-return_agent_0   16.6667
mean-path-return_agent_1    3.33333
total-samples             157
------------------------  ---------
------------------------  ---------
episode_reward             55
episodes                   55
last-path-return_agent_0   50
last-path-return_agent_1   10
max-path-return_agent_0    50
max-path-return_agent_1    50
mean-path-return_agent_0   16.6667
mean-path-return_agent_1    3.33333
total-samples             160
------------------------  ---------
------------------------  ---------
episode_reward             56
episodes                   56
last-path-return_agent_0   50
last-path-return_agent_1   10
max-path-return_agent_0    50
max-path-return_agent_1    50
mean-path-return_agent_0   16.6667
mean-path-return_agent_1    3.33333
total-samples             163
------------------------  ---------
------------------------  ---------
episode_reward             57
episodes                   57
last-path-return_agent_0   -5
last-path-return_agent_1   -5
max-path-return_agent_0    50
max-path-return_agent_1    50
mean-path-return_agent_0   -1.66667
mean-path-return_agent_1   -1.66667
total-samples             166
------------------------  ---------
------------------------  ---------
episode_reward             58
episodes                   58
last-path-return_agent_0   10
last-path-return_agent_1   50
max-path-return_agent_0    50
max-path-return_agent_1    50
mean-path-return_agent_0    3.33333
mean-path-return_agent_1   16.6667
total-samples             169
------------------------  ---------
------------------------  ---
episode_reward             59
episodes                   59
last-path-return_agent_0  -10
last-path-return_agent_1  -10
max-path-return_agent_0    50
max-path-return_agent_1    50
mean-path-return_agent_0   -5
mean-path-return_agent_1   -5
total-samples             171
------------------------  ---
------------------------  -----
episode_reward             60
episodes                   60
last-path-return_agent_0   -5
last-path-return_agent_1   -5
max-path-return_agent_0    50
max-path-return_agent_1    50
mean-path-return_agent_0   -2.5
mean-path-return_agent_1   -2.5
total-samples             173
------------------------  -----
------------------------  ---------
episode_reward             61
episodes                   61
last-path-return_agent_0   -5
last-path-return_agent_1   -5
max-path-return_agent_0    50
max-path-return_agent_1    50
mean-path-return_agent_0   -1.66667
mean-path-return_agent_1   -1.66667
total-samples             176
------------------------  ---------
------------------------  ---------
episode_reward             62
episodes                   62
last-path-return_agent_0   50
last-path-return_agent_1   10
max-path-return_agent_0    50
max-path-return_agent_1    50
mean-path-return_agent_0   16.6667
mean-path-return_agent_1    3.33333
total-samples             179
------------------------  ---------
------------------------  ---
episode_reward             63
episodes                   63
last-path-return_agent_0   50
last-path-return_agent_1   10
max-path-return_agent_0    50
max-path-return_agent_1    50
mean-path-return_agent_0   25
mean-path-return_agent_1    5
total-samples             181
------------------------  ---
------------------------  ---------
episode_reward             64
episodes                   64
last-path-return_agent_0   50
last-path-return_agent_1   10
max-path-return_agent_0    50
max-path-return_agent_1    50
mean-path-return_agent_0   16.6667
mean-path-return_agent_1    3.33333
total-samples             184
------------------------  ---------
------------------------  ---------
episode_reward             65
episodes                   65
last-path-return_agent_0   10
last-path-return_agent_1   50
max-path-return_agent_0    50
max-path-return_agent_1    50
mean-path-return_agent_0    3.33333
mean-path-return_agent_1   16.6667
total-samples             187
------------------------  ---------
------------------------  ---------
episode_reward             66
episodes                   66
last-path-return_agent_0   10
last-path-return_agent_1   50
max-path-return_agent_0    50
max-path-return_agent_1    50
mean-path-return_agent_0    3.33333
mean-path-return_agent_1   16.6667
total-samples             190
------------------------  ---------
------------------------  ---------
episode_reward             67
episodes                   67
last-path-return_agent_0   10
last-path-return_agent_1   50
max-path-return_agent_0    50
max-path-return_agent_1    50
mean-path-return_agent_0    3.33333
mean-path-return_agent_1   16.6667
total-samples             193
------------------------  ---------
------------------------  ---------
episode_reward             68
episodes                   68
last-path-return_agent_0   10
last-path-return_agent_1   50
max-path-return_agent_0    50
max-path-return_agent_1    50
mean-path-return_agent_0    3.33333
mean-path-return_agent_1   16.6667
total-samples             196
------------------------  ---------
------------------------  ---
episode_reward             69
episodes                   69
last-path-return_agent_0  -10
last-path-return_agent_1  -10
max-path-return_agent_0    50
max-path-return_agent_1    50
mean-path-return_agent_0   -5
mean-path-return_agent_1   -5
total-samples             198
------------------------  ---
------------------------  ---
episode_reward             70
episodes                   70
last-path-return_agent_0  -10
last-path-return_agent_1  -10
max-path-return_agent_0    50
max-path-return_agent_1    50
mean-path-return_agent_0   -5
mean-path-return_agent_1   -5
total-samples             200
------------------------  ---
